2024-07-25 11:59:48.637 +05:30 [INF] User profile is available. Using 'C:\Users\wahid\AppData\Local\ASP.NET\DataProtection-Keys' as key repository and Windows DPAPI to encrypt keys at rest.
2024-07-25 11:59:49.282 +05:30 [INF] Now listening on: http://localhost:5068
2024-07-25 11:59:49.286 +05:30 [INF] Application started. Press Ctrl+C to shut down.
2024-07-25 11:59:49.288 +05:30 [INF] Hosting environment: Development
2024-07-25 11:59:49.290 +05:30 [INF] Content root path: D:\PersonalProject\CleanDesign\src\CleanDesign.Presentation
2024-07-25 11:59:50.743 +05:30 [INF] Request starting HTTP/1.1 GET http://localhost:5068/swagger/index.html - null null
2024-07-25 11:59:51.204 +05:30 [INF] Request finished HTTP/1.1 GET http://localhost:5068/swagger/index.html - 200 null text/html;charset=utf-8 474.7138ms
2024-07-25 11:59:51.239 +05:30 [INF] Request starting HTTP/1.1 GET http://localhost:5068/_framework/aspnetcore-browser-refresh.js - null null
2024-07-25 11:59:51.259 +05:30 [INF] Request starting HTTP/1.1 GET http://localhost:5068/_vs/browserLink - null null
2024-07-25 11:59:51.267 +05:30 [INF] Request finished HTTP/1.1 GET http://localhost:5068/_framework/aspnetcore-browser-refresh.js - 200 13784 application/javascript; charset=utf-8 28.5861ms
2024-07-25 11:59:51.386 +05:30 [INF] Request finished HTTP/1.1 GET http://localhost:5068/_vs/browserLink - 200 null text/javascript; charset=UTF-8 127.0406ms
2024-07-25 11:59:51.444 +05:30 [INF] Request starting HTTP/1.1 GET http://localhost:5068/swagger/v1/swagger.json - null null
2024-07-25 11:59:51.699 +05:30 [INF] Request finished HTTP/1.1 GET http://localhost:5068/swagger/v1/swagger.json - 200 null application/json;charset=utf-8 255.0415ms
2024-07-25 12:05:18.665 +05:30 [INF] Request starting HTTP/1.1 POST http://localhost:5068/api/auth/login - multipart/form-data; boundary=---------------------------282887644240627461303228867118 319
2024-07-25 12:05:18.791 +05:30 [WRN] Failed to determine the https port for redirect.
2024-07-25 12:05:20.144 +05:30 [INF] Executing endpoint 'CleanDesign.Presentation.Controllers.AuthController.Login (CleanDesign.Presentation)'
2024-07-25 12:05:20.230 +05:30 [INF] Route matched with {action = "Login", controller = "Auth"}. Executing controller action with signature System.Threading.Tasks.Task`1[Microsoft.AspNetCore.Mvc.IActionResult] Login(CleanDesign.Application.Queries.Auth.Login.LoginQuery) on controller CleanDesign.Presentation.Controllers.AuthController (CleanDesign.Presentation).
2024-07-25 12:05:20.312 +05:30 [INF] Executing ObjectResult, writing value of type 'Microsoft.AspNetCore.Mvc.ProblemDetails'.
2024-07-25 12:05:20.351 +05:30 [INF] Executed action CleanDesign.Presentation.Controllers.AuthController.Login (CleanDesign.Presentation) in 108.1684ms
2024-07-25 12:05:20.365 +05:30 [INF] Executed endpoint 'CleanDesign.Presentation.Controllers.AuthController.Login (CleanDesign.Presentation)'
2024-07-25 12:05:20.398 +05:30 [INF] Request finished HTTP/1.1 POST http://localhost:5068/api/auth/login - 415 null application/problem+json; charset=utf-8 1733.2208ms
2024-07-25 12:17:45.095 +05:30 [INF] Request starting HTTP/1.1 GET http://localhost:5068/swagger/index.html - null null
2024-07-25 12:17:45.122 +05:30 [INF] Request finished HTTP/1.1 GET http://localhost:5068/swagger/index.html - 200 null text/html;charset=utf-8 26.7069ms
2024-07-25 12:17:45.149 +05:30 [INF] Request starting HTTP/1.1 GET http://localhost:5068/_framework/aspnetcore-browser-refresh.js - null null
2024-07-25 12:17:45.154 +05:30 [INF] Request finished HTTP/1.1 GET http://localhost:5068/_framework/aspnetcore-browser-refresh.js - 200 13784 application/javascript; charset=utf-8 4.6943ms
2024-07-25 12:17:45.158 +05:30 [INF] Request starting HTTP/1.1 GET http://localhost:5068/_vs/browserLink - null null
2024-07-25 12:17:45.178 +05:30 [INF] Request finished HTTP/1.1 GET http://localhost:5068/_vs/browserLink - 200 null text/javascript; charset=UTF-8 19.555ms
2024-07-25 12:17:45.406 +05:30 [INF] Request starting HTTP/1.1 GET http://localhost:5068/swagger/v1/swagger.json - null null
2024-07-25 12:17:45.427 +05:30 [INF] Request finished HTTP/1.1 GET http://localhost:5068/swagger/v1/swagger.json - 200 null application/json;charset=utf-8 21.2122ms
2024-07-25 12:18:51.285 +05:30 [INF] Request starting HTTP/1.1 POST http://localhost:5068/api/auth/login - multipart/form-data; boundary=---------------------------30830174162891056194168890844 315
2024-07-25 12:18:51.293 +05:30 [INF] Executing endpoint 'CleanDesign.Presentation.Controllers.AuthController.Login (CleanDesign.Presentation)'
2024-07-25 12:18:51.309 +05:30 [INF] Route matched with {action = "Login", controller = "Auth"}. Executing controller action with signature System.Threading.Tasks.Task`1[Microsoft.AspNetCore.Mvc.IActionResult] Login(CleanDesign.Application.Queries.Auth.Login.LoginQuery) on controller CleanDesign.Presentation.Controllers.AuthController (CleanDesign.Presentation).
2024-07-25 12:18:51.313 +05:30 [INF] Executing ObjectResult, writing value of type 'Microsoft.AspNetCore.Mvc.ProblemDetails'.
2024-07-25 12:18:51.372 +05:30 [INF] Executed action CleanDesign.Presentation.Controllers.AuthController.Login (CleanDesign.Presentation) in 60.3462ms
2024-07-25 12:18:51.375 +05:30 [INF] Executed endpoint 'CleanDesign.Presentation.Controllers.AuthController.Login (CleanDesign.Presentation)'
2024-07-25 12:18:51.375 +05:30 [INF] Request finished HTTP/1.1 POST http://localhost:5068/api/auth/login - 415 null application/problem+json; charset=utf-8 97.218ms
2024-07-25 12:19:19.876 +05:30 [INF] User profile is available. Using 'C:\Users\wahid\AppData\Local\ASP.NET\DataProtection-Keys' as key repository and Windows DPAPI to encrypt keys at rest.
2024-07-25 12:19:20.009 +05:30 [INF] Now listening on: http://localhost:5068
2024-07-25 12:19:20.014 +05:30 [INF] Application started. Press Ctrl+C to shut down.
2024-07-25 12:19:20.014 +05:30 [INF] Hosting environment: Development
2024-07-25 12:19:20.015 +05:30 [INF] Content root path: D:\PersonalProject\CleanDesign\src\CleanDesign.Presentation
2024-07-25 12:19:20.451 +05:30 [INF] Request starting HTTP/1.1 GET http://localhost:5068/swagger - null null
2024-07-25 12:19:20.505 +05:30 [INF] Request starting HTTP/1.1 GET http://localhost:5068/swagger/index.html - null null
2024-07-25 12:19:20.613 +05:30 [INF] Request finished HTTP/1.1 GET http://localhost:5068/swagger - 499 null null 164.6038ms
2024-07-25 12:19:20.655 +05:30 [INF] Request finished HTTP/1.1 GET http://localhost:5068/swagger/index.html - 200 null text/html;charset=utf-8 150.0217ms
2024-07-25 12:19:20.683 +05:30 [INF] Request starting HTTP/1.1 GET http://localhost:5068/_framework/aspnetcore-browser-refresh.js - null null
2024-07-25 12:19:20.686 +05:30 [INF] Request starting HTTP/1.1 GET http://localhost:5068/_vs/browserLink - null null
2024-07-25 12:19:20.704 +05:30 [INF] Request finished HTTP/1.1 GET http://localhost:5068/_framework/aspnetcore-browser-refresh.js - 200 13784 application/javascript; charset=utf-8 20.9471ms
2024-07-25 12:19:20.732 +05:30 [INF] Request finished HTTP/1.1 GET http://localhost:5068/_vs/browserLink - 200 null text/javascript; charset=UTF-8 46.3448ms
2024-07-25 12:19:20.815 +05:30 [INF] Request starting HTTP/1.1 GET http://localhost:5068/swagger/v1/swagger.json - null null
2024-07-25 12:19:20.945 +05:30 [INF] Request finished HTTP/1.1 GET http://localhost:5068/swagger/v1/swagger.json - 200 null application/json;charset=utf-8 130.5875ms
2024-07-25 12:19:35.072 +05:30 [INF] Request starting HTTP/1.1 POST http://localhost:5068/api/auth/login - multipart/form-data; boundary=---------------------------269323985026082657191203636831 318
2024-07-25 12:19:35.087 +05:30 [WRN] Failed to determine the https port for redirect.
2024-07-25 12:19:35.147 +05:30 [INF] CORS policy execution successful.
2024-07-25 12:19:35.315 +05:30 [INF] Executing endpoint 'CleanDesign.Presentation.Controllers.AuthController.Login (CleanDesign.Presentation)'
2024-07-25 12:19:35.359 +05:30 [INF] Route matched with {action = "Login", controller = "Auth"}. Executing controller action with signature System.Threading.Tasks.Task`1[Microsoft.AspNetCore.Mvc.IActionResult] Login(CleanDesign.Application.Queries.Auth.Login.LoginQuery) on controller CleanDesign.Presentation.Controllers.AuthController (CleanDesign.Presentation).
2024-07-25 12:19:35.419 +05:30 [INF] Executing ObjectResult, writing value of type 'Microsoft.AspNetCore.Mvc.ProblemDetails'.
2024-07-25 12:19:35.470 +05:30 [INF] Executed action CleanDesign.Presentation.Controllers.AuthController.Login (CleanDesign.Presentation) in 94.2112ms
2024-07-25 12:19:35.476 +05:30 [INF] Executed endpoint 'CleanDesign.Presentation.Controllers.AuthController.Login (CleanDesign.Presentation)'
2024-07-25 12:19:35.482 +05:30 [INF] Request finished HTTP/1.1 POST http://localhost:5068/api/auth/login - 415 null application/problem+json; charset=utf-8 410.4683ms
2024-07-25 12:20:28.571 +05:30 [INF] Request starting HTTP/1.1 GET http://localhost:5068/swagger/index.html - null null
2024-07-25 12:20:28.582 +05:30 [INF] Request finished HTTP/1.1 GET http://localhost:5068/swagger/index.html - 200 null text/html;charset=utf-8 11.1722ms
2024-07-25 12:20:28.694 +05:30 [INF] Request starting HTTP/1.1 GET http://localhost:5068/_framework/aspnetcore-browser-refresh.js - null null
2024-07-25 12:20:28.695 +05:30 [INF] Request starting HTTP/1.1 GET http://localhost:5068/_vs/browserLink - null null
2024-07-25 12:20:28.754 +05:30 [INF] Request finished HTTP/1.1 GET http://localhost:5068/_framework/aspnetcore-browser-refresh.js - 200 13784 application/javascript; charset=utf-8 59.3731ms
2024-07-25 12:20:28.845 +05:30 [INF] Request finished HTTP/1.1 GET http://localhost:5068/_vs/browserLink - 200 null text/javascript; charset=UTF-8 149.7511ms
2024-07-25 12:20:29.037 +05:30 [INF] Request starting HTTP/1.1 GET http://localhost:5068/swagger/v1/swagger.json - null null
2024-07-25 12:20:29.051 +05:30 [INF] Request finished HTTP/1.1 GET http://localhost:5068/swagger/v1/swagger.json - 200 null application/json;charset=utf-8 13.78ms
2024-07-25 12:20:35.910 +05:30 [INF] User profile is available. Using 'C:\Users\wahid\AppData\Local\ASP.NET\DataProtection-Keys' as key repository and Windows DPAPI to encrypt keys at rest.
2024-07-25 12:20:36.190 +05:30 [INF] Now listening on: http://localhost:5068
2024-07-25 12:20:36.195 +05:30 [INF] Application started. Press Ctrl+C to shut down.
2024-07-25 12:20:36.197 +05:30 [INF] Hosting environment: Development
2024-07-25 12:20:36.198 +05:30 [INF] Content root path: D:\PersonalProject\CleanDesign\src\CleanDesign.Presentation
2024-07-25 12:20:36.918 +05:30 [INF] Request starting HTTP/1.1 GET http://localhost:5068/swagger/index.html - null null
2024-07-25 12:20:37.227 +05:30 [INF] Request finished HTTP/1.1 GET http://localhost:5068/swagger/index.html - 200 null text/html;charset=utf-8 312.5086ms
2024-07-25 12:20:37.257 +05:30 [INF] Request starting HTTP/1.1 GET http://localhost:5068/_vs/browserLink - null null
2024-07-25 12:20:37.259 +05:30 [INF] Request starting HTTP/1.1 GET http://localhost:5068/_framework/aspnetcore-browser-refresh.js - null null
2024-07-25 12:20:37.288 +05:30 [INF] Request finished HTTP/1.1 GET http://localhost:5068/_framework/aspnetcore-browser-refresh.js - 200 13784 application/javascript; charset=utf-8 28.436ms
2024-07-25 12:20:37.325 +05:30 [INF] Request finished HTTP/1.1 GET http://localhost:5068/_vs/browserLink - 200 null text/javascript; charset=UTF-8 68.314ms
2024-07-25 12:20:37.478 +05:30 [INF] Request starting HTTP/1.1 GET http://localhost:5068/swagger/v1/swagger.json - null null
2024-07-25 12:20:37.659 +05:30 [INF] Request finished HTTP/1.1 GET http://localhost:5068/swagger/v1/swagger.json - 200 null application/json;charset=utf-8 180.7561ms
2024-07-25 12:20:43.764 +05:30 [INF] Request starting HTTP/1.1 POST http://localhost:5068/api/auth/login - multipart/form-data; boundary=---------------------------9537728417539033051525889465 312
2024-07-25 12:20:43.780 +05:30 [WRN] Failed to determine the https port for redirect.
2024-07-25 12:20:43.786 +05:30 [INF] CORS policy execution failed.
2024-07-25 12:20:43.787 +05:30 [INF] Request origin http://localhost:3000 does not have permission to access the resource.
2024-07-25 12:20:43.967 +05:30 [INF] Executing endpoint 'CleanDesign.Presentation.Controllers.AuthController.Login (CleanDesign.Presentation)'
2024-07-25 12:20:44.008 +05:30 [INF] Route matched with {action = "Login", controller = "Auth"}. Executing controller action with signature System.Threading.Tasks.Task`1[Microsoft.AspNetCore.Mvc.IActionResult] Login(CleanDesign.Application.Queries.Auth.Login.LoginQuery) on controller CleanDesign.Presentation.Controllers.AuthController (CleanDesign.Presentation).
2024-07-25 12:20:44.054 +05:30 [INF] Executing ObjectResult, writing value of type 'Microsoft.AspNetCore.Mvc.ProblemDetails'.
2024-07-25 12:20:44.134 +05:30 [INF] Executed action CleanDesign.Presentation.Controllers.AuthController.Login (CleanDesign.Presentation) in 98.8128ms
2024-07-25 12:20:44.136 +05:30 [INF] Executed endpoint 'CleanDesign.Presentation.Controllers.AuthController.Login (CleanDesign.Presentation)'
2024-07-25 12:20:44.137 +05:30 [INF] Request finished HTTP/1.1 POST http://localhost:5068/api/auth/login - 415 null application/problem+json; charset=utf-8 373.7364ms
2024-07-25 12:21:37.273 +05:30 [INF] Request starting HTTP/1.1 GET http://localhost:5068/swagger/index.html - null null
2024-07-25 12:21:37.294 +05:30 [INF] Request finished HTTP/1.1 GET http://localhost:5068/swagger/index.html - 200 null text/html;charset=utf-8 20.4974ms
2024-07-25 12:21:37.322 +05:30 [INF] Request starting HTTP/1.1 GET http://localhost:5068/_framework/aspnetcore-browser-refresh.js - null null
2024-07-25 12:21:37.322 +05:30 [INF] Request starting HTTP/1.1 GET http://localhost:5068/_vs/browserLink - null null
2024-07-25 12:21:37.334 +05:30 [INF] Request finished HTTP/1.1 GET http://localhost:5068/_framework/aspnetcore-browser-refresh.js - 200 13784 application/javascript; charset=utf-8 11.8336ms
2024-07-25 12:21:37.382 +05:30 [INF] Request finished HTTP/1.1 GET http://localhost:5068/_vs/browserLink - 200 null text/javascript; charset=UTF-8 59.3023ms
2024-07-25 12:21:37.745 +05:30 [INF] Request starting HTTP/1.1 GET http://localhost:5068/swagger/v1/swagger.json - null null
2024-07-25 12:21:37.806 +05:30 [INF] Request finished HTTP/1.1 GET http://localhost:5068/swagger/v1/swagger.json - 200 null application/json;charset=utf-8 60.4586ms
2024-07-25 12:21:51.143 +05:30 [INF] User profile is available. Using 'C:\Users\wahid\AppData\Local\ASP.NET\DataProtection-Keys' as key repository and Windows DPAPI to encrypt keys at rest.
2024-07-25 12:21:51.287 +05:30 [INF] Now listening on: http://localhost:5068
2024-07-25 12:21:51.291 +05:30 [INF] Application started. Press Ctrl+C to shut down.
2024-07-25 12:21:51.292 +05:30 [INF] Hosting environment: Development
2024-07-25 12:21:51.294 +05:30 [INF] Content root path: D:\PersonalProject\CleanDesign\src\CleanDesign.Presentation
2024-07-25 12:21:51.659 +05:30 [INF] Request starting HTTP/1.1 GET http://localhost:5068/swagger/index.html - null null
2024-07-25 12:21:51.872 +05:30 [INF] Request finished HTTP/1.1 GET http://localhost:5068/swagger/index.html - 200 null text/html;charset=utf-8 217.237ms
2024-07-25 12:21:51.893 +05:30 [INF] Request starting HTTP/1.1 GET http://localhost:5068/_framework/aspnetcore-browser-refresh.js - null null
2024-07-25 12:21:51.908 +05:30 [INF] Request starting HTTP/1.1 GET http://localhost:5068/_vs/browserLink - null null
2024-07-25 12:21:51.914 +05:30 [INF] Request finished HTTP/1.1 GET http://localhost:5068/_framework/aspnetcore-browser-refresh.js - 200 13784 application/javascript; charset=utf-8 21.2626ms
2024-07-25 12:21:51.944 +05:30 [INF] Request finished HTTP/1.1 GET http://localhost:5068/_vs/browserLink - 200 null text/javascript; charset=UTF-8 36.2572ms
2024-07-25 12:21:52.021 +05:30 [INF] Request starting HTTP/1.1 GET http://localhost:5068/swagger/v1/swagger.json - null null
2024-07-25 12:21:52.127 +05:30 [INF] Request finished HTTP/1.1 GET http://localhost:5068/swagger/v1/swagger.json - 200 null application/json;charset=utf-8 106.2055ms
2024-07-25 12:22:31.501 +05:30 [INF] Request starting HTTP/1.1 POST http://localhost:5068/api/auth/login - multipart/form-data; boundary=---------------------------8420774243037034852859785356 313
2024-07-25 12:22:31.515 +05:30 [WRN] Failed to determine the https port for redirect.
2024-07-25 12:22:31.551 +05:30 [INF] CORS policy execution successful.
2024-07-25 12:22:31.681 +05:30 [INF] Executing endpoint 'CleanDesign.Presentation.Controllers.AuthController.Login (CleanDesign.Presentation)'
2024-07-25 12:22:31.737 +05:30 [INF] Route matched with {action = "Login", controller = "Auth"}. Executing controller action with signature System.Threading.Tasks.Task`1[Microsoft.AspNetCore.Mvc.IActionResult] Login(CleanDesign.Application.Queries.Auth.Login.LoginQuery) on controller CleanDesign.Presentation.Controllers.AuthController (CleanDesign.Presentation).
2024-07-25 12:22:31.851 +05:30 [INF] Executing ObjectResult, writing value of type 'Microsoft.AspNetCore.Mvc.ProblemDetails'.
2024-07-25 12:22:31.890 +05:30 [INF] Executed action CleanDesign.Presentation.Controllers.AuthController.Login (CleanDesign.Presentation) in 82.4668ms
2024-07-25 12:22:31.893 +05:30 [INF] Executed endpoint 'CleanDesign.Presentation.Controllers.AuthController.Login (CleanDesign.Presentation)'
2024-07-25 12:22:31.895 +05:30 [INF] Request finished HTTP/1.1 POST http://localhost:5068/api/auth/login - 415 null application/problem+json; charset=utf-8 394.1367ms
2024-07-25 12:24:24.663 +05:30 [INF] User profile is available. Using 'C:\Users\wahid\AppData\Local\ASP.NET\DataProtection-Keys' as key repository and Windows DPAPI to encrypt keys at rest.
2024-07-25 12:24:24.874 +05:30 [INF] Now listening on: http://localhost:5068
2024-07-25 12:24:24.878 +05:30 [INF] Application started. Press Ctrl+C to shut down.
2024-07-25 12:24:24.880 +05:30 [INF] Hosting environment: Development
2024-07-25 12:24:24.883 +05:30 [INF] Content root path: D:\PersonalProject\CleanDesign\src\CleanDesign.Presentation
2024-07-25 12:24:25.552 +05:30 [INF] Request starting HTTP/1.1 GET http://localhost:5068/swagger/index.html - null null
2024-07-25 12:24:25.782 +05:30 [INF] Request finished HTTP/1.1 GET http://localhost:5068/swagger/index.html - 200 null text/html;charset=utf-8 233.199ms
2024-07-25 12:24:25.819 +05:30 [INF] Request starting HTTP/1.1 GET http://localhost:5068/_framework/aspnetcore-browser-refresh.js - null null
2024-07-25 12:24:25.827 +05:30 [INF] Request starting HTTP/1.1 GET http://localhost:5068/_vs/browserLink - null null
2024-07-25 12:24:25.832 +05:30 [INF] Request finished HTTP/1.1 GET http://localhost:5068/_framework/aspnetcore-browser-refresh.js - 200 13784 application/javascript; charset=utf-8 28.5773ms
2024-07-25 12:24:25.880 +05:30 [INF] Request finished HTTP/1.1 GET http://localhost:5068/_vs/browserLink - 200 null text/javascript; charset=UTF-8 52.6902ms
2024-07-25 12:24:25.967 +05:30 [INF] Request starting HTTP/1.1 GET http://localhost:5068/swagger/v1/swagger.json - null null
2024-07-25 12:24:26.085 +05:30 [INF] Request finished HTTP/1.1 GET http://localhost:5068/swagger/v1/swagger.json - 200 null application/json;charset=utf-8 118.3638ms
2024-07-25 12:31:11.502 +05:30 [INF] Request starting HTTP/1.1 POST http://localhost:5068/api/auth/login - multipart/form-data; boundary=----WebKitFormBoundaryBsUOVMSmGJOKlfjA 254
2024-07-25 12:31:11.534 +05:30 [WRN] Failed to determine the https port for redirect.
2024-07-25 12:31:11.539 +05:30 [INF] CORS policy execution successful.
2024-07-25 12:31:11.735 +05:30 [INF] Executing endpoint 'CleanDesign.Presentation.Controllers.AuthController.Login (CleanDesign.Presentation)'
2024-07-25 12:31:11.795 +05:30 [INF] Route matched with {action = "Login", controller = "Auth"}. Executing controller action with signature System.Threading.Tasks.Task`1[Microsoft.AspNetCore.Mvc.IActionResult] Login(CleanDesign.Application.Queries.Auth.Login.LoginQuery) on controller CleanDesign.Presentation.Controllers.AuthController (CleanDesign.Presentation).
2024-07-25 12:31:11.891 +05:30 [INF] Executing ObjectResult, writing value of type 'Microsoft.AspNetCore.Mvc.ProblemDetails'.
2024-07-25 12:31:11.947 +05:30 [INF] Executed action CleanDesign.Presentation.Controllers.AuthController.Login (CleanDesign.Presentation) in 133.5334ms
2024-07-25 12:31:11.949 +05:30 [INF] Executed endpoint 'CleanDesign.Presentation.Controllers.AuthController.Login (CleanDesign.Presentation)'
2024-07-25 12:31:11.952 +05:30 [INF] Request finished HTTP/1.1 POST http://localhost:5068/api/auth/login - 415 null application/problem+json; charset=utf-8 449.3847ms
2024-07-25 12:35:11.152 +05:30 [INF] Request starting HTTP/1.1 POST http://localhost:5068/api/auth/login - multipart/form-data; boundary=----WebKitFormBoundaryf6ZvkYsBwpDcnfIr 254
2024-07-25 12:35:11.164 +05:30 [INF] CORS policy execution successful.
2024-07-25 12:35:11.171 +05:30 [INF] Executing endpoint 'CleanDesign.Presentation.Controllers.AuthController.Login (CleanDesign.Presentation)'
2024-07-25 12:35:11.250 +05:30 [INF] Route matched with {action = "Login", controller = "Auth"}. Executing controller action with signature System.Threading.Tasks.Task`1[Microsoft.AspNetCore.Mvc.IActionResult] Login(CleanDesign.Application.Queries.Auth.Login.LoginQuery) on controller CleanDesign.Presentation.Controllers.AuthController (CleanDesign.Presentation).
2024-07-25 12:35:11.273 +05:30 [INF] Executing ObjectResult, writing value of type 'Microsoft.AspNetCore.Mvc.ProblemDetails'.
2024-07-25 12:35:11.281 +05:30 [INF] Executed action CleanDesign.Presentation.Controllers.AuthController.Login (CleanDesign.Presentation) in 12.1166ms
2024-07-25 12:35:11.285 +05:30 [INF] Executed endpoint 'CleanDesign.Presentation.Controllers.AuthController.Login (CleanDesign.Presentation)'
2024-07-25 12:35:11.290 +05:30 [INF] Request finished HTTP/1.1 POST http://localhost:5068/api/auth/login - 415 null application/problem+json; charset=utf-8 139.2376ms
2024-07-25 12:36:50.796 +05:30 [INF] Request starting HTTP/1.1 POST http://localhost:5068/api/auth/login - multipart/form-data; boundary=----WebKitFormBoundaryoZPQRUiAzV9xt9NZ 262
2024-07-25 12:36:50.818 +05:30 [INF] CORS policy execution successful.
2024-07-25 12:36:50.825 +05:30 [INF] Executing endpoint 'CleanDesign.Presentation.Controllers.AuthController.Login (CleanDesign.Presentation)'
2024-07-25 12:36:50.831 +05:30 [INF] Route matched with {action = "Login", controller = "Auth"}. Executing controller action with signature System.Threading.Tasks.Task`1[Microsoft.AspNetCore.Mvc.IActionResult] Login(CleanDesign.Application.Queries.Auth.Login.LoginQuery) on controller CleanDesign.Presentation.Controllers.AuthController (CleanDesign.Presentation).
2024-07-25 12:36:50.842 +05:30 [INF] Executing ObjectResult, writing value of type 'Microsoft.AspNetCore.Mvc.ProblemDetails'.
2024-07-25 12:36:50.847 +05:30 [INF] Executed action CleanDesign.Presentation.Controllers.AuthController.Login (CleanDesign.Presentation) in 6.8609ms
2024-07-25 12:36:50.851 +05:30 [INF] Executed endpoint 'CleanDesign.Presentation.Controllers.AuthController.Login (CleanDesign.Presentation)'
2024-07-25 12:36:50.855 +05:30 [INF] Request finished HTTP/1.1 POST http://localhost:5068/api/auth/login - 415 null application/problem+json; charset=utf-8 58.7253ms
2024-07-25 14:15:39.966 +05:30 [INF] Request starting HTTP/1.1 POST http://localhost:5068/api/auth/login - multipart/form-data; boundary=---------------------------148369034217220895643155493858 319
2024-07-25 14:15:39.970 +05:30 [INF] CORS policy execution successful.
2024-07-25 14:15:39.972 +05:30 [INF] Executing endpoint 'CleanDesign.Presentation.Controllers.AuthController.Login (CleanDesign.Presentation)'
2024-07-25 14:15:39.972 +05:30 [INF] Route matched with {action = "Login", controller = "Auth"}. Executing controller action with signature System.Threading.Tasks.Task`1[Microsoft.AspNetCore.Mvc.IActionResult] Login(CleanDesign.Application.Queries.Auth.Login.LoginQuery) on controller CleanDesign.Presentation.Controllers.AuthController (CleanDesign.Presentation).
2024-07-25 14:15:39.974 +05:30 [INF] Executing ObjectResult, writing value of type 'Microsoft.AspNetCore.Mvc.ProblemDetails'.
2024-07-25 14:15:39.976 +05:30 [INF] Executed action CleanDesign.Presentation.Controllers.AuthController.Login (CleanDesign.Presentation) in 3.1506ms
2024-07-25 14:15:39.977 +05:30 [INF] Executed endpoint 'CleanDesign.Presentation.Controllers.AuthController.Login (CleanDesign.Presentation)'
2024-07-25 14:15:39.978 +05:30 [INF] Request finished HTTP/1.1 POST http://localhost:5068/api/auth/login - 415 null application/problem+json; charset=utf-8 12.5938ms
2024-07-25 14:15:41.823 +05:30 [INF] Request starting HTTP/1.1 POST http://localhost:5068/api/auth/login - multipart/form-data; boundary=---------------------------150696017439963493141673392380 319
2024-07-25 14:15:41.838 +05:30 [INF] CORS policy execution successful.
2024-07-25 14:15:41.839 +05:30 [INF] Executing endpoint 'CleanDesign.Presentation.Controllers.AuthController.Login (CleanDesign.Presentation)'
2024-07-25 14:15:41.840 +05:30 [INF] Route matched with {action = "Login", controller = "Auth"}. Executing controller action with signature System.Threading.Tasks.Task`1[Microsoft.AspNetCore.Mvc.IActionResult] Login(CleanDesign.Application.Queries.Auth.Login.LoginQuery) on controller CleanDesign.Presentation.Controllers.AuthController (CleanDesign.Presentation).
2024-07-25 14:15:41.843 +05:30 [INF] Executing ObjectResult, writing value of type 'Microsoft.AspNetCore.Mvc.ProblemDetails'.
2024-07-25 14:15:41.850 +05:30 [INF] Executed action CleanDesign.Presentation.Controllers.AuthController.Login (CleanDesign.Presentation) in 7.6883ms
2024-07-25 14:15:41.854 +05:30 [INF] Executed endpoint 'CleanDesign.Presentation.Controllers.AuthController.Login (CleanDesign.Presentation)'
2024-07-25 14:15:41.855 +05:30 [INF] Request finished HTTP/1.1 POST http://localhost:5068/api/auth/login - 415 null application/problem+json; charset=utf-8 32.952ms
2024-07-25 14:15:49.580 +05:30 [INF] Request starting HTTP/1.1 POST http://localhost:5068/api/auth/login - multipart/form-data; boundary=---------------------------30762314851926317697154130944 316
2024-07-25 14:15:49.586 +05:30 [INF] CORS policy execution successful.
2024-07-25 14:15:49.593 +05:30 [INF] Executing endpoint 'CleanDesign.Presentation.Controllers.AuthController.Login (CleanDesign.Presentation)'
2024-07-25 14:15:49.594 +05:30 [INF] Route matched with {action = "Login", controller = "Auth"}. Executing controller action with signature System.Threading.Tasks.Task`1[Microsoft.AspNetCore.Mvc.IActionResult] Login(CleanDesign.Application.Queries.Auth.Login.LoginQuery) on controller CleanDesign.Presentation.Controllers.AuthController (CleanDesign.Presentation).
2024-07-25 14:15:49.596 +05:30 [INF] Executing ObjectResult, writing value of type 'Microsoft.AspNetCore.Mvc.ProblemDetails'.
2024-07-25 14:15:49.598 +05:30 [INF] Executed action CleanDesign.Presentation.Controllers.AuthController.Login (CleanDesign.Presentation) in 1.9273ms
2024-07-25 14:15:49.599 +05:30 [INF] Executed endpoint 'CleanDesign.Presentation.Controllers.AuthController.Login (CleanDesign.Presentation)'
2024-07-25 14:15:49.602 +05:30 [INF] Request finished HTTP/1.1 POST http://localhost:5068/api/auth/login - 415 null application/problem+json; charset=utf-8 21.8239ms
2024-07-25 14:19:34.866 +05:30 [INF] Request starting HTTP/1.1 POST http://localhost:5068/api/auth/login - text/plain;charset=UTF-8 53
2024-07-25 14:19:34.921 +05:30 [INF] CORS policy execution successful.
2024-07-25 14:19:34.925 +05:30 [INF] Executing endpoint 'CleanDesign.Presentation.Controllers.AuthController.Login (CleanDesign.Presentation)'
2024-07-25 14:19:34.928 +05:30 [INF] Route matched with {action = "Login", controller = "Auth"}. Executing controller action with signature System.Threading.Tasks.Task`1[Microsoft.AspNetCore.Mvc.IActionResult] Login(CleanDesign.Application.Queries.Auth.Login.LoginQuery) on controller CleanDesign.Presentation.Controllers.AuthController (CleanDesign.Presentation).
2024-07-25 14:19:34.936 +05:30 [INF] Executing ObjectResult, writing value of type 'Microsoft.AspNetCore.Mvc.ProblemDetails'.
2024-07-25 14:19:34.941 +05:30 [INF] Executed action CleanDesign.Presentation.Controllers.AuthController.Login (CleanDesign.Presentation) in 6.3081ms
2024-07-25 14:19:34.945 +05:30 [INF] Executed endpoint 'CleanDesign.Presentation.Controllers.AuthController.Login (CleanDesign.Presentation)'
2024-07-25 14:19:34.949 +05:30 [INF] Request finished HTTP/1.1 POST http://localhost:5068/api/auth/login - 415 null application/problem+json; charset=utf-8 87.6181ms
2024-07-25 14:20:24.835 +05:30 [INF] Request starting HTTP/1.1 POST http://localhost:5068/api/auth/login - text/plain;charset=UTF-8 2
2024-07-25 14:20:24.848 +05:30 [INF] CORS policy execution successful.
2024-07-25 14:20:24.851 +05:30 [INF] Executing endpoint 'CleanDesign.Presentation.Controllers.AuthController.Login (CleanDesign.Presentation)'
2024-07-25 14:20:24.854 +05:30 [INF] Route matched with {action = "Login", controller = "Auth"}. Executing controller action with signature System.Threading.Tasks.Task`1[Microsoft.AspNetCore.Mvc.IActionResult] Login(CleanDesign.Application.Queries.Auth.Login.LoginQuery) on controller CleanDesign.Presentation.Controllers.AuthController (CleanDesign.Presentation).
2024-07-25 14:20:24.866 +05:30 [INF] Executing ObjectResult, writing value of type 'Microsoft.AspNetCore.Mvc.ProblemDetails'.
2024-07-25 14:20:24.990 +05:30 [INF] Executed action CleanDesign.Presentation.Controllers.AuthController.Login (CleanDesign.Presentation) in 124.8673ms
2024-07-25 14:20:25.002 +05:30 [INF] Executed endpoint 'CleanDesign.Presentation.Controllers.AuthController.Login (CleanDesign.Presentation)'
2024-07-25 14:20:25.004 +05:30 [INF] Request finished HTTP/1.1 POST http://localhost:5068/api/auth/login - 415 null application/problem+json; charset=utf-8 173.6803ms
2024-07-25 14:22:04.451 +05:30 [INF] Request starting HTTP/1.1 POST http://localhost:5068/api/auth/login - text/plain;charset=UTF-8 58
2024-07-25 14:22:04.456 +05:30 [INF] CORS policy execution successful.
2024-07-25 14:22:04.459 +05:30 [INF] Executing endpoint 'CleanDesign.Presentation.Controllers.AuthController.Login (CleanDesign.Presentation)'
2024-07-25 14:22:04.462 +05:30 [INF] Route matched with {action = "Login", controller = "Auth"}. Executing controller action with signature System.Threading.Tasks.Task`1[Microsoft.AspNetCore.Mvc.IActionResult] Login(CleanDesign.Application.Queries.Auth.Login.LoginQuery) on controller CleanDesign.Presentation.Controllers.AuthController (CleanDesign.Presentation).
2024-07-25 14:22:04.467 +05:30 [INF] Executing ObjectResult, writing value of type 'Microsoft.AspNetCore.Mvc.ProblemDetails'.
2024-07-25 14:22:04.470 +05:30 [INF] Executed action CleanDesign.Presentation.Controllers.AuthController.Login (CleanDesign.Presentation) in 3.0016ms
2024-07-25 14:22:04.481 +05:30 [INF] Executed endpoint 'CleanDesign.Presentation.Controllers.AuthController.Login (CleanDesign.Presentation)'
2024-07-25 14:22:04.486 +05:30 [INF] Request finished HTTP/1.1 POST http://localhost:5068/api/auth/login - 415 null application/problem+json; charset=utf-8 100.464ms
2024-07-25 14:22:08.373 +05:30 [INF] Request starting HTTP/1.1 POST http://localhost:5068/api/auth/login - text/plain;charset=UTF-8 58
2024-07-25 14:22:08.376 +05:30 [INF] CORS policy execution successful.
2024-07-25 14:22:08.377 +05:30 [INF] Executing endpoint 'CleanDesign.Presentation.Controllers.AuthController.Login (CleanDesign.Presentation)'
2024-07-25 14:22:08.379 +05:30 [INF] Route matched with {action = "Login", controller = "Auth"}. Executing controller action with signature System.Threading.Tasks.Task`1[Microsoft.AspNetCore.Mvc.IActionResult] Login(CleanDesign.Application.Queries.Auth.Login.LoginQuery) on controller CleanDesign.Presentation.Controllers.AuthController (CleanDesign.Presentation).
2024-07-25 14:22:08.381 +05:30 [INF] Executing ObjectResult, writing value of type 'Microsoft.AspNetCore.Mvc.ProblemDetails'.
2024-07-25 14:22:08.383 +05:30 [INF] Executed action CleanDesign.Presentation.Controllers.AuthController.Login (CleanDesign.Presentation) in 2.2021ms
2024-07-25 14:22:08.384 +05:30 [INF] Executed endpoint 'CleanDesign.Presentation.Controllers.AuthController.Login (CleanDesign.Presentation)'
2024-07-25 14:22:08.385 +05:30 [INF] Request finished HTTP/1.1 POST http://localhost:5068/api/auth/login - 415 null application/problem+json; charset=utf-8 11.4851ms
2024-07-25 14:22:21.575 +05:30 [INF] Request starting HTTP/1.1 POST http://localhost:5068/api/auth/login - text/plain;charset=UTF-8 58
2024-07-25 14:22:21.580 +05:30 [INF] CORS policy execution successful.
2024-07-25 14:22:21.582 +05:30 [INF] Executing endpoint 'CleanDesign.Presentation.Controllers.AuthController.Login (CleanDesign.Presentation)'
2024-07-25 14:22:21.585 +05:30 [INF] Route matched with {action = "Login", controller = "Auth"}. Executing controller action with signature System.Threading.Tasks.Task`1[Microsoft.AspNetCore.Mvc.IActionResult] Login(CleanDesign.Application.Queries.Auth.Login.LoginQuery) on controller CleanDesign.Presentation.Controllers.AuthController (CleanDesign.Presentation).
2024-07-25 14:22:21.589 +05:30 [INF] Executing ObjectResult, writing value of type 'Microsoft.AspNetCore.Mvc.ProblemDetails'.
2024-07-25 14:22:21.592 +05:30 [INF] Executed action CleanDesign.Presentation.Controllers.AuthController.Login (CleanDesign.Presentation) in 3.2302ms
2024-07-25 14:22:21.595 +05:30 [INF] Executed endpoint 'CleanDesign.Presentation.Controllers.AuthController.Login (CleanDesign.Presentation)'
2024-07-25 14:22:21.605 +05:30 [INF] Request finished HTTP/1.1 POST http://localhost:5068/api/auth/login - 415 null application/problem+json; charset=utf-8 30.0283ms
2024-07-25 14:23:41.780 +05:30 [INF] Request starting HTTP/1.1 POST http://localhost:5068/api/auth/login - text/plain;charset=UTF-8 58
2024-07-25 14:23:41.791 +05:30 [INF] CORS policy execution successful.
2024-07-25 14:23:41.792 +05:30 [INF] Executing endpoint 'CleanDesign.Presentation.Controllers.AuthController.Login (CleanDesign.Presentation)'
2024-07-25 14:23:41.795 +05:30 [INF] Route matched with {action = "Login", controller = "Auth"}. Executing controller action with signature System.Threading.Tasks.Task`1[Microsoft.AspNetCore.Mvc.IActionResult] Login(CleanDesign.Application.Queries.Auth.Login.LoginQuery) on controller CleanDesign.Presentation.Controllers.AuthController (CleanDesign.Presentation).
2024-07-25 14:23:41.797 +05:30 [INF] Executing ObjectResult, writing value of type 'Microsoft.AspNetCore.Mvc.ProblemDetails'.
2024-07-25 14:23:41.798 +05:30 [INF] Executed action CleanDesign.Presentation.Controllers.AuthController.Login (CleanDesign.Presentation) in 2.1946ms
2024-07-25 14:23:41.800 +05:30 [INF] Executed endpoint 'CleanDesign.Presentation.Controllers.AuthController.Login (CleanDesign.Presentation)'
2024-07-25 14:23:41.804 +05:30 [INF] Request finished HTTP/1.1 POST http://localhost:5068/api/auth/login - 415 null application/problem+json; charset=utf-8 23.6408ms
2024-07-25 14:23:52.729 +05:30 [INF] Request starting HTTP/1.1 POST http://localhost:5068/api/auth/login - text/plain;charset=UTF-8 58
2024-07-25 14:23:52.734 +05:30 [INF] CORS policy execution successful.
2024-07-25 14:23:52.736 +05:30 [INF] Executing endpoint 'CleanDesign.Presentation.Controllers.AuthController.Login (CleanDesign.Presentation)'
2024-07-25 14:23:52.745 +05:30 [INF] Route matched with {action = "Login", controller = "Auth"}. Executing controller action with signature System.Threading.Tasks.Task`1[Microsoft.AspNetCore.Mvc.IActionResult] Login(CleanDesign.Application.Queries.Auth.Login.LoginQuery) on controller CleanDesign.Presentation.Controllers.AuthController (CleanDesign.Presentation).
2024-07-25 14:23:52.751 +05:30 [INF] Executing ObjectResult, writing value of type 'Microsoft.AspNetCore.Mvc.ProblemDetails'.
2024-07-25 14:23:52.753 +05:30 [INF] Executed action CleanDesign.Presentation.Controllers.AuthController.Login (CleanDesign.Presentation) in 3.3003ms
2024-07-25 14:23:52.759 +05:30 [INF] Executed endpoint 'CleanDesign.Presentation.Controllers.AuthController.Login (CleanDesign.Presentation)'
2024-07-25 14:23:52.761 +05:30 [INF] Request finished HTTP/1.1 POST http://localhost:5068/api/auth/login - 415 null application/problem+json; charset=utf-8 32.7368ms
2024-07-25 14:43:28.140 +05:30 [INF] Request starting HTTP/1.1 OPTIONS http://localhost:5068/api/auth/login - null null
2024-07-25 14:43:28.182 +05:30 [INF] CORS policy execution successful.
2024-07-25 14:43:28.187 +05:30 [INF] Request finished HTTP/1.1 OPTIONS http://localhost:5068/api/auth/login - 204 null null 47.7433ms
2024-07-25 14:43:28.202 +05:30 [INF] Request starting HTTP/1.1 POST http://localhost:5068/api/auth/login - application/json 60
2024-07-25 14:43:28.205 +05:30 [INF] CORS policy execution successful.
2024-07-25 14:43:28.206 +05:30 [INF] Executing endpoint 'CleanDesign.Presentation.Controllers.AuthController.Login (CleanDesign.Presentation)'
2024-07-25 14:43:28.212 +05:30 [INF] Route matched with {action = "Login", controller = "Auth"}. Executing controller action with signature System.Threading.Tasks.Task`1[Microsoft.AspNetCore.Mvc.IActionResult] Login(CleanDesign.Application.Queries.Auth.Login.LoginQuery) on controller CleanDesign.Presentation.Controllers.AuthController (CleanDesign.Presentation).
2024-07-25 14:43:39.401 +05:30 [INF] Executed DbCommand (116ms) [Parameters=[@__normalizedEmail_0='?' (Size = 256)], CommandType='"Text"', CommandTimeout='30']
SELECT TOP(2) [a].[Id], [a].[AccessFailedCount], [a].[ConcurrencyStamp], [a].[CreatedBy], [a].[CreatedOn], [a].[Deleted], [a].[Email], [a].[EmailConfirmed], [a].[LockoutEnabled], [a].[LockoutEnd], [a].[Name], [a].[NormalizedEmail], [a].[NormalizedUserName], [a].[PasswordHash], [a].[PhoneNumber], [a].[PhoneNumberConfirmed], [a].[SecurityStamp], [a].[TwoFactorEnabled], [a].[UpdatedBy], [a].[UpdatedOn], [a].[UserName]
FROM [AspNetUsers] AS [a]
WHERE [a].[NormalizedEmail] = @__normalizedEmail_0
2024-07-25 14:43:39.441 +05:30 [INF] Executing BadRequestObjectResult, writing value of type 'CleanDesign.SharedKernel.Error'.
2024-07-25 14:43:39.447 +05:30 [INF] Executed action CleanDesign.Presentation.Controllers.AuthController.Login (CleanDesign.Presentation) in 11232.7671ms
2024-07-25 14:43:39.450 +05:30 [INF] Executed endpoint 'CleanDesign.Presentation.Controllers.AuthController.Login (CleanDesign.Presentation)'
2024-07-25 14:43:39.470 +05:30 [INF] Request finished HTTP/1.1 POST http://localhost:5068/api/auth/login - 400 null application/json; charset=utf-8 11268.2935ms
2024-07-25 14:44:15.265 +05:30 [INF] Request starting HTTP/1.1 OPTIONS http://localhost:5068/api/auth/login - null null
2024-07-25 14:44:15.269 +05:30 [INF] CORS policy execution successful.
2024-07-25 14:44:15.271 +05:30 [INF] Request finished HTTP/1.1 OPTIONS http://localhost:5068/api/auth/login - 204 null null 5.4569ms
2024-07-25 14:44:15.294 +05:30 [INF] Request starting HTTP/1.1 POST http://localhost:5068/api/auth/login - application/json 58
2024-07-25 14:44:15.298 +05:30 [INF] CORS policy execution successful.
2024-07-25 14:44:15.300 +05:30 [INF] Executing endpoint 'CleanDesign.Presentation.Controllers.AuthController.Login (CleanDesign.Presentation)'
2024-07-25 14:44:15.303 +05:30 [INF] Route matched with {action = "Login", controller = "Auth"}. Executing controller action with signature System.Threading.Tasks.Task`1[Microsoft.AspNetCore.Mvc.IActionResult] Login(CleanDesign.Application.Queries.Auth.Login.LoginQuery) on controller CleanDesign.Presentation.Controllers.AuthController (CleanDesign.Presentation).
2024-07-25 14:44:19.542 +05:30 [INF] Executed DbCommand (8ms) [Parameters=[@__normalizedEmail_0='?' (Size = 256)], CommandType='"Text"', CommandTimeout='30']
SELECT TOP(2) [a].[Id], [a].[AccessFailedCount], [a].[ConcurrencyStamp], [a].[CreatedBy], [a].[CreatedOn], [a].[Deleted], [a].[Email], [a].[EmailConfirmed], [a].[LockoutEnabled], [a].[LockoutEnd], [a].[Name], [a].[NormalizedEmail], [a].[NormalizedUserName], [a].[PasswordHash], [a].[PhoneNumber], [a].[PhoneNumberConfirmed], [a].[SecurityStamp], [a].[TwoFactorEnabled], [a].[UpdatedBy], [a].[UpdatedOn], [a].[UserName]
FROM [AspNetUsers] AS [a]
WHERE [a].[NormalizedEmail] = @__normalizedEmail_0
2024-07-25 14:44:19.934 +05:30 [INF] Executed DbCommand (9ms) [Parameters=[@__user_Id_0='?' (DbType = Guid)], CommandType='"Text"', CommandTimeout='30']
SELECT [a].[Id], [a].[ClaimType], [a].[ClaimValue], [a].[UserId]
FROM [AspNetUserClaims] AS [a]
WHERE [a].[UserId] = @__user_Id_0
2024-07-25 14:44:19.984 +05:30 [INF] Executed DbCommand (6ms) [Parameters=[@__userId_0='?' (DbType = Guid)], CommandType='"Text"', CommandTimeout='30']
SELECT [a0].[Name]
FROM [AspNetUserRoles] AS [a]
INNER JOIN [AspNetRoles] AS [a0] ON [a].[RoleId] = [a0].[Id]
WHERE [a].[UserId] = @__userId_0
2024-07-25 14:44:20.004 +05:30 [INF] Executed DbCommand (5ms) [Parameters=[@__normalizedName_0='?' (Size = 256)], CommandType='"Text"', CommandTimeout='30']
SELECT TOP(1) [a].[Id], [a].[ConcurrencyStamp], [a].[CreatedBy], [a].[CreatedOn], [a].[Deleted], [a].[Name], [a].[NormalizedName], [a].[UpdatedBy], [a].[UpdatedOn]
FROM [AspNetRoles] AS [a]
WHERE [a].[NormalizedName] = @__normalizedName_0
2024-07-25 14:44:20.049 +05:30 [INF] Executed DbCommand (3ms) [Parameters=[@__role_Id_0='?' (DbType = Guid)], CommandType='"Text"', CommandTimeout='30']
SELECT [a].[ClaimType], [a].[ClaimValue]
FROM [AspNetRoleClaims] AS [a]
WHERE [a].[RoleId] = @__role_Id_0
2024-07-25 14:44:20.070 +05:30 [INF] AuthenticationScheme: Identity.Application signed in.
2024-07-25 14:44:25.798 +05:30 [INF] Executing OkObjectResult, writing value of type 'CleanDesign.SharedKernel.Result'.
2024-07-25 14:44:25.805 +05:30 [INF] Executed action CleanDesign.Presentation.Controllers.AuthController.Login (CleanDesign.Presentation) in 10498.7907ms
2024-07-25 14:44:25.810 +05:30 [INF] Executed endpoint 'CleanDesign.Presentation.Controllers.AuthController.Login (CleanDesign.Presentation)'
2024-07-25 14:44:25.813 +05:30 [INF] Request finished HTTP/1.1 POST http://localhost:5068/api/auth/login - 200 null application/json; charset=utf-8 10519.1936ms
2024-07-25 17:19:57.633 +05:30 [INF] Request starting HTTP/1.1 OPTIONS http://localhost:5068/api/auth/login - null null
2024-07-25 17:19:57.648 +05:30 [INF] CORS policy execution successful.
2024-07-25 17:19:57.649 +05:30 [INF] Request finished HTTP/1.1 OPTIONS http://localhost:5068/api/auth/login - 204 null null 20.7938ms
2024-07-25 17:19:57.662 +05:30 [INF] Request starting HTTP/1.1 POST http://localhost:5068/api/auth/login - application/json 26
2024-07-25 17:19:57.666 +05:30 [INF] CORS policy execution successful.
2024-07-25 17:19:57.668 +05:30 [INF] Executing endpoint 'CleanDesign.Presentation.Controllers.AuthController.Login (CleanDesign.Presentation)'
2024-07-25 17:19:57.669 +05:30 [INF] Route matched with {action = "Login", controller = "Auth"}. Executing controller action with signature System.Threading.Tasks.Task`1[Microsoft.AspNetCore.Mvc.IActionResult] Login(CleanDesign.Application.Queries.Auth.Login.LoginQuery) on controller CleanDesign.Presentation.Controllers.AuthController (CleanDesign.Presentation).
2024-07-25 17:19:57.730 +05:30 [INF] Executing BadRequestObjectResult, writing value of type 'Microsoft.AspNetCore.Mvc.ValidationProblemDetails'.
2024-07-25 17:19:57.747 +05:30 [INF] Executed action CleanDesign.Presentation.Controllers.AuthController.Login (CleanDesign.Presentation) in 75.0123ms
2024-07-25 17:19:57.751 +05:30 [INF] Executed endpoint 'CleanDesign.Presentation.Controllers.AuthController.Login (CleanDesign.Presentation)'
2024-07-25 17:19:57.753 +05:30 [INF] Request finished HTTP/1.1 POST http://localhost:5068/api/auth/login - 400 null application/problem+json; charset=utf-8 90.6806ms
2024-07-25 17:19:59.247 +05:30 [INF] Request starting HTTP/1.1 POST http://localhost:5068/api/auth/login - application/json 26
2024-07-25 17:19:59.251 +05:30 [INF] CORS policy execution successful.
2024-07-25 17:19:59.255 +05:30 [INF] Executing endpoint 'CleanDesign.Presentation.Controllers.AuthController.Login (CleanDesign.Presentation)'
2024-07-25 17:19:59.256 +05:30 [INF] Route matched with {action = "Login", controller = "Auth"}. Executing controller action with signature System.Threading.Tasks.Task`1[Microsoft.AspNetCore.Mvc.IActionResult] Login(CleanDesign.Application.Queries.Auth.Login.LoginQuery) on controller CleanDesign.Presentation.Controllers.AuthController (CleanDesign.Presentation).
2024-07-25 17:19:59.258 +05:30 [INF] Executing BadRequestObjectResult, writing value of type 'Microsoft.AspNetCore.Mvc.ValidationProblemDetails'.
2024-07-25 17:19:59.260 +05:30 [INF] Executed action CleanDesign.Presentation.Controllers.AuthController.Login (CleanDesign.Presentation) in 2.6112ms
2024-07-25 17:19:59.263 +05:30 [INF] Executed endpoint 'CleanDesign.Presentation.Controllers.AuthController.Login (CleanDesign.Presentation)'
2024-07-25 17:19:59.265 +05:30 [INF] Request finished HTTP/1.1 POST http://localhost:5068/api/auth/login - 400 null application/problem+json; charset=utf-8 17.7563ms
2024-07-25 17:20:00.926 +05:30 [INF] Request starting HTTP/1.1 POST http://localhost:5068/api/auth/login - application/json 26
2024-07-25 17:20:00.931 +05:30 [INF] CORS policy execution successful.
2024-07-25 17:20:00.933 +05:30 [INF] Executing endpoint 'CleanDesign.Presentation.Controllers.AuthController.Login (CleanDesign.Presentation)'
2024-07-25 17:20:00.934 +05:30 [INF] Route matched with {action = "Login", controller = "Auth"}. Executing controller action with signature System.Threading.Tasks.Task`1[Microsoft.AspNetCore.Mvc.IActionResult] Login(CleanDesign.Application.Queries.Auth.Login.LoginQuery) on controller CleanDesign.Presentation.Controllers.AuthController (CleanDesign.Presentation).
2024-07-25 17:20:00.937 +05:30 [INF] Executing BadRequestObjectResult, writing value of type 'Microsoft.AspNetCore.Mvc.ValidationProblemDetails'.
2024-07-25 17:20:00.939 +05:30 [INF] Executed action CleanDesign.Presentation.Controllers.AuthController.Login (CleanDesign.Presentation) in 2.847ms
2024-07-25 17:20:00.942 +05:30 [INF] Executed endpoint 'CleanDesign.Presentation.Controllers.AuthController.Login (CleanDesign.Presentation)'
2024-07-25 17:20:00.945 +05:30 [INF] Request finished HTTP/1.1 POST http://localhost:5068/api/auth/login - 400 null application/problem+json; charset=utf-8 19.0576ms
2024-07-25 17:20:07.223 +05:30 [INF] Request starting HTTP/1.1 OPTIONS http://localhost:5068/api/auth/login - null null
2024-07-25 17:20:07.230 +05:30 [INF] CORS policy execution successful.
2024-07-25 17:20:07.232 +05:30 [INF] Request finished HTTP/1.1 OPTIONS http://localhost:5068/api/auth/login - 204 null null 9.4451ms
2024-07-25 17:20:07.241 +05:30 [INF] Request starting HTTP/1.1 POST http://localhost:5068/api/auth/login - application/json 26
2024-07-25 17:20:07.247 +05:30 [INF] CORS policy execution successful.
2024-07-25 17:20:07.248 +05:30 [INF] Executing endpoint 'CleanDesign.Presentation.Controllers.AuthController.Login (CleanDesign.Presentation)'
2024-07-25 17:20:07.250 +05:30 [INF] Route matched with {action = "Login", controller = "Auth"}. Executing controller action with signature System.Threading.Tasks.Task`1[Microsoft.AspNetCore.Mvc.IActionResult] Login(CleanDesign.Application.Queries.Auth.Login.LoginQuery) on controller CleanDesign.Presentation.Controllers.AuthController (CleanDesign.Presentation).
2024-07-25 17:20:07.257 +05:30 [INF] Executing BadRequestObjectResult, writing value of type 'Microsoft.AspNetCore.Mvc.ValidationProblemDetails'.
2024-07-25 17:20:07.260 +05:30 [INF] Executed action CleanDesign.Presentation.Controllers.AuthController.Login (CleanDesign.Presentation) in 3.9094ms
2024-07-25 17:20:07.262 +05:30 [INF] Executed endpoint 'CleanDesign.Presentation.Controllers.AuthController.Login (CleanDesign.Presentation)'
2024-07-25 17:20:07.262 +05:30 [INF] Request finished HTTP/1.1 POST http://localhost:5068/api/auth/login - 400 null application/problem+json; charset=utf-8 21.442ms
2024-07-25 17:20:08.608 +05:30 [INF] Request starting HTTP/1.1 POST http://localhost:5068/api/auth/login - application/json 26
2024-07-25 17:20:08.612 +05:30 [INF] CORS policy execution successful.
2024-07-25 17:20:08.613 +05:30 [INF] Executing endpoint 'CleanDesign.Presentation.Controllers.AuthController.Login (CleanDesign.Presentation)'
2024-07-25 17:20:08.615 +05:30 [INF] Route matched with {action = "Login", controller = "Auth"}. Executing controller action with signature System.Threading.Tasks.Task`1[Microsoft.AspNetCore.Mvc.IActionResult] Login(CleanDesign.Application.Queries.Auth.Login.LoginQuery) on controller CleanDesign.Presentation.Controllers.AuthController (CleanDesign.Presentation).
2024-07-25 17:20:08.618 +05:30 [INF] Executing BadRequestObjectResult, writing value of type 'Microsoft.AspNetCore.Mvc.ValidationProblemDetails'.
2024-07-25 17:20:08.620 +05:30 [INF] Executed action CleanDesign.Presentation.Controllers.AuthController.Login (CleanDesign.Presentation) in 2.0814ms
2024-07-25 17:20:08.621 +05:30 [INF] Executed endpoint 'CleanDesign.Presentation.Controllers.AuthController.Login (CleanDesign.Presentation)'
2024-07-25 17:20:08.622 +05:30 [INF] Request finished HTTP/1.1 POST http://localhost:5068/api/auth/login - 400 null application/problem+json; charset=utf-8 14.4869ms
