2024-07-22 14:38:49.040 +05:30 [INF] User profile is available. Using 'C:\Users\wahid\AppData\Local\ASP.NET\DataProtection-Keys' as key repository and Windows DPAPI to encrypt keys at rest.
2024-07-22 14:38:49.690 +05:30 [INF] Now listening on: http://localhost:5068
2024-07-22 14:38:49.696 +05:30 [INF] Application started. Press Ctrl+C to shut down.
2024-07-22 14:38:49.698 +05:30 [INF] Hosting environment: Development
2024-07-22 14:38:49.700 +05:30 [INF] Content root path: D:\PersonalProject\CleanDesign\src\CleanDesign.Presentation
2024-07-22 14:38:50.068 +05:30 [INF] Request starting HTTP/1.1 GET http://localhost:5068/swagger/index.html - null null
2024-07-22 14:38:50.415 +05:30 [INF] Request finished HTTP/1.1 GET http://localhost:5068/swagger/index.html - 200 null text/html;charset=utf-8 352.0475ms
2024-07-22 14:38:50.455 +05:30 [INF] Request starting HTTP/1.1 GET http://localhost:5068/_framework/aspnetcore-browser-refresh.js - null null
2024-07-22 14:38:50.465 +05:30 [INF] Request starting HTTP/1.1 GET http://localhost:5068/_vs/browserLink - null null
2024-07-22 14:38:50.465 +05:30 [INF] Request finished HTTP/1.1 GET http://localhost:5068/_framework/aspnetcore-browser-refresh.js - 200 13784 application/javascript; charset=utf-8 10.2006ms
2024-07-22 14:38:50.552 +05:30 [INF] Request finished HTTP/1.1 GET http://localhost:5068/_vs/browserLink - 200 null text/javascript; charset=UTF-8 86.4781ms
2024-07-22 14:38:50.697 +05:30 [INF] Request starting HTTP/1.1 GET http://localhost:5068/swagger/v1/swagger.json - null null
2024-07-22 14:38:50.902 +05:30 [INF] Request finished HTTP/1.1 GET http://localhost:5068/swagger/v1/swagger.json - 200 null application/json;charset=utf-8 204.0958ms
2024-07-22 14:54:30.529 +05:30 [INF] Application is shutting down...
2024-07-22 17:27:03.681 +05:30 [INF] User profile is available. Using 'C:\Users\wahid\AppData\Local\ASP.NET\DataProtection-Keys' as key repository and Windows DPAPI to encrypt keys at rest.
2024-07-22 17:27:03.869 +05:30 [INF] Now listening on: http://localhost:5068
2024-07-22 17:27:03.874 +05:30 [INF] Application started. Press Ctrl+C to shut down.
2024-07-22 17:27:03.878 +05:30 [INF] Hosting environment: Development
2024-07-22 17:27:03.884 +05:30 [INF] Content root path: D:\PersonalProject\CleanDesign\src\CleanDesign.Presentation
2024-07-22 17:27:04.959 +05:30 [INF] Request starting HTTP/1.1 GET http://localhost:5068/swagger/index.html - null null
2024-07-22 17:27:05.178 +05:30 [INF] Request finished HTTP/1.1 GET http://localhost:5068/swagger/index.html - 200 null text/html;charset=utf-8 222.0413ms
2024-07-22 17:27:05.204 +05:30 [INF] Request starting HTTP/1.1 GET http://localhost:5068/_framework/aspnetcore-browser-refresh.js - null null
2024-07-22 17:27:05.213 +05:30 [INF] Request starting HTTP/1.1 GET http://localhost:5068/_vs/browserLink - null null
2024-07-22 17:27:05.216 +05:30 [INF] Request finished HTTP/1.1 GET http://localhost:5068/_framework/aspnetcore-browser-refresh.js - 200 13784 application/javascript; charset=utf-8 12.8159ms
2024-07-22 17:27:05.336 +05:30 [INF] Request finished HTTP/1.1 GET http://localhost:5068/_vs/browserLink - 200 null text/javascript; charset=UTF-8 122.4536ms
2024-07-22 17:27:05.388 +05:30 [INF] Request starting HTTP/1.1 GET http://localhost:5068/swagger/v1/swagger.json - null null
2024-07-22 17:27:05.500 +05:30 [INF] Request finished HTTP/1.1 GET http://localhost:5068/swagger/v1/swagger.json - 200 null application/json;charset=utf-8 112.1478ms
2024-07-22 17:31:18.284 +05:30 [INF] Request starting HTTP/1.1 POST http://localhost:5068/api/auth/register - application/json 190
2024-07-22 17:31:18.331 +05:30 [WRN] Failed to determine the https port for redirect.
2024-07-22 17:31:19.768 +05:30 [INF] Executing endpoint 'CleanDesign.Presentation.Controllers.AuthController.Register (CleanDesign.Presentation)'
2024-07-22 17:31:19.801 +05:30 [INF] Route matched with {action = "Register", controller = "Auth"}. Executing controller action with signature System.Threading.Tasks.Task`1[Microsoft.AspNetCore.Mvc.IActionResult] Register(CleanDesign.Application.Commands.Auth.Register.RegisterCommand) on controller CleanDesign.Presentation.Controllers.AuthController (CleanDesign.Presentation).
2024-07-22 17:31:19.932 +05:30 [INF] Executed action CleanDesign.Presentation.Controllers.AuthController.Register (CleanDesign.Presentation) in 126.4699ms
2024-07-22 17:31:19.934 +05:30 [INF] Executed endpoint 'CleanDesign.Presentation.Controllers.AuthController.Register (CleanDesign.Presentation)'
2024-07-22 17:31:20.017 +05:30 [ERR] System.InvalidOperationException: No service for type 'MediatR.IRequestHandler`2[CleanDesign.Application.Commands.Auth.Register.RegisterCommand,CleanDesign.SharedKernel.Result`1[System.Boolean]]' has been registered.
   at Microsoft.Extensions.DependencyInjection.ServiceProviderServiceExtensions.GetRequiredService(IServiceProvider provider, Type serviceType)
   at Microsoft.Extensions.DependencyInjection.ServiceProviderServiceExtensions.GetRequiredService[T](IServiceProvider provider)
   at MediatR.Wrappers.RequestHandlerWrapperImpl`2.<>c__DisplayClass1_0.<Handle>g__Handler|0()
   at MediatR.Wrappers.RequestHandlerWrapperImpl`2.Handle(IRequest`1 request, IServiceProvider serviceProvider, CancellationToken cancellationToken)
   at MediatR.Mediator.Send[TResponse](IRequest`1 request, CancellationToken cancellationToken)
   at CleanDesign.Presentation.Controllers.AuthController.Register(RegisterCommand command) in D:\PersonalProject\CleanDesign\src\CleanDesign.Presentation\Controllers\AuthController.cs:line 42
   at Microsoft.AspNetCore.Mvc.Infrastructure.ActionMethodExecutor.TaskOfIActionResultExecutor.Execute(ActionContext actionContext, IActionResultTypeMapper mapper, ObjectMethodExecutor executor, Object controller, Object[] arguments)
   at Microsoft.AspNetCore.Mvc.Infrastructure.ControllerActionInvoker.<InvokeActionMethodAsync>g__Awaited|12_0(ControllerActionInvoker invoker, ValueTask`1 actionResultValueTask)
   at Microsoft.AspNetCore.Mvc.Infrastructure.ControllerActionInvoker.<InvokeNextActionFilterAsync>g__Awaited|10_0(ControllerActionInvoker invoker, Task lastTask, State next, Scope scope, Object state, Boolean isCompleted)
   at Microsoft.AspNetCore.Mvc.Infrastructure.ControllerActionInvoker.Rethrow(ActionExecutedContextSealed context)
   at Microsoft.AspNetCore.Mvc.Infrastructure.ControllerActionInvoker.Next(State& next, Scope& scope, Object& state, Boolean& isCompleted)
   at Microsoft.AspNetCore.Mvc.Infrastructure.ControllerActionInvoker.InvokeInnerFilterAsync()
--- End of stack trace from previous location ---
   at Microsoft.AspNetCore.Mvc.Infrastructure.ResourceInvoker.<InvokeFilterPipelineAsync>g__Awaited|20_0(ResourceInvoker invoker, Task lastTask, State next, Scope scope, Object state, Boolean isCompleted)
   at Microsoft.AspNetCore.Mvc.Infrastructure.ResourceInvoker.<InvokeAsync>g__Logged|17_1(ResourceInvoker invoker)
   at Microsoft.AspNetCore.Mvc.Infrastructure.ResourceInvoker.<InvokeAsync>g__Logged|17_1(ResourceInvoker invoker)
   at Microsoft.AspNetCore.Routing.EndpointMiddleware.<Invoke>g__AwaitRequestTask|7_0(Endpoint endpoint, Task requestTask, ILogger logger)
   at CleanDesign.Presentation.Exceptions.ExceptionHandlerMiddleware.InvokeAsync(HttpContext context) in D:\PersonalProject\CleanDesign\src\CleanDesign.Presentation\Middlewares\ExceptionHandlerMiddleware.cs:line 27
2024-07-22 17:31:20.023 +05:30 [INF] Request finished HTTP/1.1 POST http://localhost:5068/api/auth/register - 500 null application/json; charset=utf-8 1739.422ms
2024-07-22 17:31:54.565 +05:30 [INF] Request starting HTTP/1.1 POST http://localhost:5068/api/auth/register - application/json 190
2024-07-22 17:31:54.595 +05:30 [INF] Executing endpoint 'CleanDesign.Presentation.Controllers.AuthController.Register (CleanDesign.Presentation)'
2024-07-22 17:31:54.612 +05:30 [INF] Route matched with {action = "Register", controller = "Auth"}. Executing controller action with signature System.Threading.Tasks.Task`1[Microsoft.AspNetCore.Mvc.IActionResult] Register(CleanDesign.Application.Commands.Auth.Register.RegisterCommand) on controller CleanDesign.Presentation.Controllers.AuthController (CleanDesign.Presentation).
2024-07-22 17:31:54.649 +05:30 [INF] Executed action CleanDesign.Presentation.Controllers.AuthController.Register (CleanDesign.Presentation) in 28.4789ms
2024-07-22 17:31:54.656 +05:30 [INF] Executed endpoint 'CleanDesign.Presentation.Controllers.AuthController.Register (CleanDesign.Presentation)'
2024-07-22 17:31:54.735 +05:30 [ERR] System.InvalidOperationException: No service for type 'MediatR.IRequestHandler`2[CleanDesign.Application.Commands.Auth.Register.RegisterCommand,CleanDesign.SharedKernel.Result`1[System.Boolean]]' has been registered.
   at Microsoft.Extensions.DependencyInjection.ServiceProviderServiceExtensions.GetRequiredService(IServiceProvider provider, Type serviceType)
   at Microsoft.Extensions.DependencyInjection.ServiceProviderServiceExtensions.GetRequiredService[T](IServiceProvider provider)
   at MediatR.Wrappers.RequestHandlerWrapperImpl`2.<>c__DisplayClass1_0.<Handle>g__Handler|0()
   at MediatR.Wrappers.RequestHandlerWrapperImpl`2.Handle(IRequest`1 request, IServiceProvider serviceProvider, CancellationToken cancellationToken)
   at MediatR.Mediator.Send[TResponse](IRequest`1 request, CancellationToken cancellationToken)
   at CleanDesign.Presentation.Controllers.AuthController.Register(RegisterCommand command) in D:\PersonalProject\CleanDesign\src\CleanDesign.Presentation\Controllers\AuthController.cs:line 42
   at Microsoft.AspNetCore.Mvc.Infrastructure.ActionMethodExecutor.TaskOfIActionResultExecutor.Execute(ActionContext actionContext, IActionResultTypeMapper mapper, ObjectMethodExecutor executor, Object controller, Object[] arguments)
   at Microsoft.AspNetCore.Mvc.Infrastructure.ControllerActionInvoker.<InvokeActionMethodAsync>g__Awaited|12_0(ControllerActionInvoker invoker, ValueTask`1 actionResultValueTask)
   at Microsoft.AspNetCore.Mvc.Infrastructure.ControllerActionInvoker.<InvokeNextActionFilterAsync>g__Awaited|10_0(ControllerActionInvoker invoker, Task lastTask, State next, Scope scope, Object state, Boolean isCompleted)
   at Microsoft.AspNetCore.Mvc.Infrastructure.ControllerActionInvoker.Rethrow(ActionExecutedContextSealed context)
   at Microsoft.AspNetCore.Mvc.Infrastructure.ControllerActionInvoker.Next(State& next, Scope& scope, Object& state, Boolean& isCompleted)
   at Microsoft.AspNetCore.Mvc.Infrastructure.ControllerActionInvoker.InvokeInnerFilterAsync()
--- End of stack trace from previous location ---
   at Microsoft.AspNetCore.Mvc.Infrastructure.ResourceInvoker.<InvokeFilterPipelineAsync>g__Awaited|20_0(ResourceInvoker invoker, Task lastTask, State next, Scope scope, Object state, Boolean isCompleted)
   at Microsoft.AspNetCore.Mvc.Infrastructure.ResourceInvoker.<InvokeAsync>g__Logged|17_1(ResourceInvoker invoker)
   at Microsoft.AspNetCore.Mvc.Infrastructure.ResourceInvoker.<InvokeAsync>g__Logged|17_1(ResourceInvoker invoker)
   at Microsoft.AspNetCore.Routing.EndpointMiddleware.<Invoke>g__AwaitRequestTask|7_0(Endpoint endpoint, Task requestTask, ILogger logger)
   at CleanDesign.Presentation.Exceptions.ExceptionHandlerMiddleware.InvokeAsync(HttpContext context) in D:\PersonalProject\CleanDesign\src\CleanDesign.Presentation\Middlewares\ExceptionHandlerMiddleware.cs:line 27
2024-07-22 17:31:54.743 +05:30 [INF] Request finished HTTP/1.1 POST http://localhost:5068/api/auth/register - 500 null application/json; charset=utf-8 178.5341ms
2024-07-22 17:32:21.829 +05:30 [INF] Request starting HTTP/1.1 POST http://localhost:5068/api/auth/register - application/json 190
2024-07-22 17:32:21.840 +05:30 [INF] Executing endpoint 'CleanDesign.Presentation.Controllers.AuthController.Register (CleanDesign.Presentation)'
2024-07-22 17:32:21.847 +05:30 [INF] Route matched with {action = "Register", controller = "Auth"}. Executing controller action with signature System.Threading.Tasks.Task`1[Microsoft.AspNetCore.Mvc.IActionResult] Register(CleanDesign.Application.Commands.Auth.Register.RegisterCommand) on controller CleanDesign.Presentation.Controllers.AuthController (CleanDesign.Presentation).
2024-07-22 17:32:29.468 +05:30 [INF] Executed action CleanDesign.Presentation.Controllers.AuthController.Register (CleanDesign.Presentation) in 7614.1802ms
2024-07-22 17:32:29.469 +05:30 [INF] Executed endpoint 'CleanDesign.Presentation.Controllers.AuthController.Register (CleanDesign.Presentation)'
2024-07-22 17:32:29.495 +05:30 [ERR] System.InvalidOperationException: No service for type 'MediatR.IRequestHandler`2[CleanDesign.Application.Commands.Auth.Register.RegisterCommand,CleanDesign.SharedKernel.Result`1[System.Boolean]]' has been registered.
   at Microsoft.Extensions.DependencyInjection.ServiceProviderServiceExtensions.GetRequiredService(IServiceProvider provider, Type serviceType)
   at Microsoft.Extensions.DependencyInjection.ServiceProviderServiceExtensions.GetRequiredService[T](IServiceProvider provider)
   at MediatR.Wrappers.RequestHandlerWrapperImpl`2.<>c__DisplayClass1_0.<Handle>g__Handler|0()
   at MediatR.Wrappers.RequestHandlerWrapperImpl`2.Handle(IRequest`1 request, IServiceProvider serviceProvider, CancellationToken cancellationToken)
   at MediatR.Mediator.Send[TResponse](IRequest`1 request, CancellationToken cancellationToken)
   at CleanDesign.Presentation.Controllers.AuthController.Register(RegisterCommand command) in D:\PersonalProject\CleanDesign\src\CleanDesign.Presentation\Controllers\AuthController.cs:line 42
   at Microsoft.AspNetCore.Mvc.Infrastructure.ActionMethodExecutor.TaskOfIActionResultExecutor.Execute(ActionContext actionContext, IActionResultTypeMapper mapper, ObjectMethodExecutor executor, Object controller, Object[] arguments)
   at Microsoft.AspNetCore.Mvc.Infrastructure.ControllerActionInvoker.<InvokeActionMethodAsync>g__Awaited|12_0(ControllerActionInvoker invoker, ValueTask`1 actionResultValueTask)
   at Microsoft.AspNetCore.Mvc.Infrastructure.ControllerActionInvoker.<InvokeNextActionFilterAsync>g__Awaited|10_0(ControllerActionInvoker invoker, Task lastTask, State next, Scope scope, Object state, Boolean isCompleted)
   at Microsoft.AspNetCore.Mvc.Infrastructure.ControllerActionInvoker.Rethrow(ActionExecutedContextSealed context)
   at Microsoft.AspNetCore.Mvc.Infrastructure.ControllerActionInvoker.Next(State& next, Scope& scope, Object& state, Boolean& isCompleted)
   at Microsoft.AspNetCore.Mvc.Infrastructure.ControllerActionInvoker.InvokeInnerFilterAsync()
--- End of stack trace from previous location ---
   at Microsoft.AspNetCore.Mvc.Infrastructure.ResourceInvoker.<InvokeFilterPipelineAsync>g__Awaited|20_0(ResourceInvoker invoker, Task lastTask, State next, Scope scope, Object state, Boolean isCompleted)
   at Microsoft.AspNetCore.Mvc.Infrastructure.ResourceInvoker.<InvokeAsync>g__Logged|17_1(ResourceInvoker invoker)
   at Microsoft.AspNetCore.Mvc.Infrastructure.ResourceInvoker.<InvokeAsync>g__Logged|17_1(ResourceInvoker invoker)
   at Microsoft.AspNetCore.Routing.EndpointMiddleware.<Invoke>g__AwaitRequestTask|7_0(Endpoint endpoint, Task requestTask, ILogger logger)
   at CleanDesign.Presentation.Exceptions.ExceptionHandlerMiddleware.InvokeAsync(HttpContext context) in D:\PersonalProject\CleanDesign\src\CleanDesign.Presentation\Middlewares\ExceptionHandlerMiddleware.cs:line 27
2024-07-22 17:32:29.497 +05:30 [INF] Request finished HTTP/1.1 POST http://localhost:5068/api/auth/register - 500 null application/json; charset=utf-8 7668.1916ms
2024-07-22 17:32:35.819 +05:30 [INF] Request starting HTTP/1.1 POST http://localhost:5068/api/auth/register - application/json 190
2024-07-22 17:32:35.827 +05:30 [INF] Executing endpoint 'CleanDesign.Presentation.Controllers.AuthController.Register (CleanDesign.Presentation)'
2024-07-22 17:32:35.833 +05:30 [INF] Route matched with {action = "Register", controller = "Auth"}. Executing controller action with signature System.Threading.Tasks.Task`1[Microsoft.AspNetCore.Mvc.IActionResult] Register(CleanDesign.Application.Commands.Auth.Register.RegisterCommand) on controller CleanDesign.Presentation.Controllers.AuthController (CleanDesign.Presentation).
2024-07-22 17:32:39.657 +05:30 [INF] Executed action CleanDesign.Presentation.Controllers.AuthController.Register (CleanDesign.Presentation) in 3814.528ms
2024-07-22 17:32:39.662 +05:30 [INF] Executed endpoint 'CleanDesign.Presentation.Controllers.AuthController.Register (CleanDesign.Presentation)'
2024-07-22 17:33:53.491 +05:30 [INF] User profile is available. Using 'C:\Users\wahid\AppData\Local\ASP.NET\DataProtection-Keys' as key repository and Windows DPAPI to encrypt keys at rest.
2024-07-22 17:33:53.659 +05:30 [INF] Now listening on: http://localhost:5068
2024-07-22 17:33:53.662 +05:30 [INF] Application started. Press Ctrl+C to shut down.
2024-07-22 17:33:53.666 +05:30 [INF] Hosting environment: Development
2024-07-22 17:33:53.670 +05:30 [INF] Content root path: D:\PersonalProject\CleanDesign\src\CleanDesign.Presentation
2024-07-22 17:33:54.708 +05:30 [INF] Request starting HTTP/1.1 GET http://localhost:5068/swagger/index.html - null null
2024-07-22 17:33:54.887 +05:30 [INF] Request finished HTTP/1.1 GET http://localhost:5068/swagger/index.html - 200 null text/html;charset=utf-8 181.4263ms
2024-07-22 17:33:54.916 +05:30 [INF] Request starting HTTP/1.1 GET http://localhost:5068/_framework/aspnetcore-browser-refresh.js - null null
2024-07-22 17:33:54.919 +05:30 [INF] Request starting HTTP/1.1 GET http://localhost:5068/_vs/browserLink - null null
2024-07-22 17:33:54.939 +05:30 [INF] Request finished HTTP/1.1 GET http://localhost:5068/_framework/aspnetcore-browser-refresh.js - 200 13784 application/javascript; charset=utf-8 23.1397ms
2024-07-22 17:33:54.979 +05:30 [INF] Request finished HTTP/1.1 GET http://localhost:5068/_vs/browserLink - 200 null text/javascript; charset=UTF-8 60.5628ms
2024-07-22 17:33:55.096 +05:30 [INF] Request starting HTTP/1.1 GET http://localhost:5068/swagger/v1/swagger.json - null null
2024-07-22 17:33:55.194 +05:30 [INF] Request finished HTTP/1.1 GET http://localhost:5068/swagger/v1/swagger.json - 200 null application/json;charset=utf-8 98.4459ms
2024-07-22 17:36:59.719 +05:30 [INF] Request starting HTTP/1.1 POST http://localhost:5068/api/auth/register - application/json 195
2024-07-22 17:36:59.740 +05:30 [WRN] Failed to determine the https port for redirect.
2024-07-22 17:36:59.868 +05:30 [INF] Executing endpoint 'CleanDesign.Presentation.Controllers.AuthController.Register (CleanDesign.Presentation)'
2024-07-22 17:36:59.908 +05:30 [INF] Route matched with {action = "Register", controller = "Auth"}. Executing controller action with signature System.Threading.Tasks.Task`1[Microsoft.AspNetCore.Mvc.IActionResult] Register(CleanDesign.Application.Commands.Auth.Register.RegisterCommand) on controller CleanDesign.Presentation.Controllers.AuthController (CleanDesign.Presentation).
2024-07-22 17:37:42.970 +05:30 [INF] Executed DbCommand (114ms) [Parameters=[@__normalizedUserName_0='?' (Size = 256)], CommandType='"Text"', CommandTimeout='30']
SELECT TOP(1) [a].[Id], [a].[AccessFailedCount], [a].[ConcurrencyStamp], [a].[CreatedBy], [a].[CreatedOn], [a].[Deleted], [a].[Email], [a].[EmailConfirmed], [a].[LockoutEnabled], [a].[LockoutEnd], [a].[Name], [a].[NormalizedEmail], [a].[NormalizedUserName], [a].[PasswordHash], [a].[PhoneNumber], [a].[PhoneNumberConfirmed], [a].[SecurityStamp], [a].[TwoFactorEnabled], [a].[UpdatedBy], [a].[UpdatedOn], [a].[UserName]
FROM [AspNetUsers] AS [a]
WHERE [a].[NormalizedUserName] = @__normalizedUserName_0
2024-07-22 17:37:43.037 +05:30 [INF] Executed DbCommand (5ms) [Parameters=[@__normalizedEmail_0='?' (Size = 256)], CommandType='"Text"', CommandTimeout='30']
SELECT TOP(2) [a].[Id], [a].[AccessFailedCount], [a].[ConcurrencyStamp], [a].[CreatedBy], [a].[CreatedOn], [a].[Deleted], [a].[Email], [a].[EmailConfirmed], [a].[LockoutEnabled], [a].[LockoutEnd], [a].[Name], [a].[NormalizedEmail], [a].[NormalizedUserName], [a].[PasswordHash], [a].[PhoneNumber], [a].[PhoneNumberConfirmed], [a].[SecurityStamp], [a].[TwoFactorEnabled], [a].[UpdatedBy], [a].[UpdatedOn], [a].[UserName]
FROM [AspNetUsers] AS [a]
WHERE [a].[NormalizedEmail] = @__normalizedEmail_0
2024-07-22 17:37:43.376 +05:30 [INF] Executed DbCommand (11ms) [Parameters=[@p0='?' (DbType = Guid), @p1='?' (DbType = Int32), @p2='?' (Size = 50), @p3='?' (DbType = Guid), @p4='?' (DbType = DateTime2), @p5='?' (DbType = Boolean), @p6='?' (Size = 256), @p7='?' (DbType = Boolean), @p8='?' (DbType = Boolean), @p9='?' (DbType = DateTimeOffset), @p10='?' (Size = 50), @p11='?' (Size = 256), @p12='?' (Size = 256), @p13='?' (Size = 250), @p14='?' (Size = 15), @p15='?' (DbType = Boolean), @p16='?' (Size = 50), @p17='?' (DbType = Boolean), @p18='?' (DbType = Guid), @p19='?' (DbType = DateTime2), @p20='?' (Size = 256)], CommandType='"Text"', CommandTimeout='30']
SET IMPLICIT_TRANSACTIONS OFF;
SET NOCOUNT ON;
INSERT INTO [AspNetUsers] ([Id], [AccessFailedCount], [ConcurrencyStamp], [CreatedBy], [CreatedOn], [Deleted], [Email], [EmailConfirmed], [LockoutEnabled], [LockoutEnd], [Name], [NormalizedEmail], [NormalizedUserName], [PasswordHash], [PhoneNumber], [PhoneNumberConfirmed], [SecurityStamp], [TwoFactorEnabled], [UpdatedBy], [UpdatedOn], [UserName])
VALUES (@p0, @p1, @p2, @p3, @p4, @p5, @p6, @p7, @p8, @p9, @p10, @p11, @p12, @p13, @p14, @p15, @p16, @p17, @p18, @p19, @p20);
2024-07-22 17:38:18.053 +05:30 [INF] Executing OkObjectResult, writing value of type 'CleanDesign.SharedKernel.Result'.
2024-07-22 17:38:18.073 +05:30 [INF] Executed action CleanDesign.Presentation.Controllers.AuthController.Register (CleanDesign.Presentation) in 78151.4708ms
2024-07-22 17:38:18.075 +05:30 [INF] Executed endpoint 'CleanDesign.Presentation.Controllers.AuthController.Register (CleanDesign.Presentation)'
2024-07-22 17:38:18.091 +05:30 [INF] Request finished HTTP/1.1 POST http://localhost:5068/api/auth/register - 200 null application/json; charset=utf-8 78371.6431ms
