2024-07-24 11:23:58.447 +05:30 [INF] Request starting HTTP/1.1 GET http://localhost:5068/swagger/index.html - null null
2024-07-24 11:23:58.518 +05:30 [INF] Request finished HTTP/1.1 GET http://localhost:5068/swagger/index.html - 200 null text/html;charset=utf-8 72.0183ms
2024-07-24 11:23:58.546 +05:30 [INF] Request starting HTTP/1.1 GET http://localhost:5068/swagger/swagger-ui.css - null null
2024-07-24 11:23:58.549 +05:30 [INF] Request starting HTTP/1.1 GET http://localhost:5068/swagger/swagger-ui-bundle.js - null null
2024-07-24 11:23:58.563 +05:30 [INF] Request starting HTTP/1.1 GET http://localhost:5068/_framework/aspnetcore-browser-refresh.js - null null
2024-07-24 11:23:58.552 +05:30 [INF] Request starting HTTP/1.1 GET http://localhost:5068/swagger/swagger-ui-standalone-preset.js - null null
2024-07-24 11:23:58.626 +05:30 [INF] Request finished HTTP/1.1 GET http://localhost:5068/_framework/aspnetcore-browser-refresh.js - 200 13784 application/javascript; charset=utf-8 62.851ms
2024-07-24 11:23:58.563 +05:30 [INF] Request starting HTTP/1.1 GET http://localhost:5068/_vs/browserLink - null null
2024-07-24 11:23:58.674 +05:30 [INF] Sending file. Request path: '/swagger-ui-standalone-preset.js'. Physical path: 'N/A'
2024-07-24 11:23:58.660 +05:30 [INF] Sending file. Request path: '/swagger-ui.css'. Physical path: 'N/A'
2024-07-24 11:23:58.698 +05:30 [INF] Request finished HTTP/1.1 GET http://localhost:5068/swagger/swagger-ui-standalone-preset.js - 200 230280 text/javascript 146.9606ms
2024-07-24 11:23:58.706 +05:30 [INF] Sending file. Request path: '/swagger-ui-bundle.js'. Physical path: 'N/A'
2024-07-24 11:23:58.703 +05:30 [INF] Request finished HTTP/1.1 GET http://localhost:5068/swagger/swagger-ui.css - 200 152034 text/css 156.3796ms
2024-07-24 11:23:58.711 +05:30 [INF] Request finished HTTP/1.1 GET http://localhost:5068/swagger/swagger-ui-bundle.js - 200 1456926 text/javascript 162.4127ms
2024-07-24 11:23:58.716 +05:30 [INF] Request finished HTTP/1.1 GET http://localhost:5068/_vs/browserLink - 200 null text/javascript; charset=UTF-8 153.051ms
2024-07-24 11:23:58.829 +05:30 [INF] Request starting HTTP/1.1 GET http://localhost:5068/swagger/favicon-32x32.png - null null
2024-07-24 11:23:58.834 +05:30 [INF] Sending file. Request path: '/favicon-32x32.png'. Physical path: 'N/A'
2024-07-24 11:23:58.839 +05:30 [INF] Request finished HTTP/1.1 GET http://localhost:5068/swagger/favicon-32x32.png - 200 628 image/png 9.9595ms
2024-07-24 11:23:58.873 +05:30 [INF] Request starting HTTP/1.1 GET http://localhost:5068/swagger/v1/swagger.json - null null
2024-07-24 11:23:58.890 +05:30 [INF] Request finished HTTP/1.1 GET http://localhost:5068/swagger/v1/swagger.json - 200 null application/json;charset=utf-8 16.4793ms
2024-07-24 11:28:19.314 +05:30 [INF] Request starting HTTP/1.1 POST http://localhost:5068/api/auth/register - application/json 178
2024-07-24 11:28:19.352 +05:30 [INF] Executing endpoint 'CleanDesign.Presentation.Controllers.AuthController.Register (CleanDesign.Presentation)'
2024-07-24 11:28:19.376 +05:30 [INF] Route matched with {action = "Register", controller = "Auth"}. Executing controller action with signature System.Threading.Tasks.Task`1[Microsoft.AspNetCore.Mvc.IActionResult] Register(CleanDesign.Application.Commands.Auth.Register.RegisterCommand) on controller CleanDesign.Presentation.Controllers.AuthController (CleanDesign.Presentation).
2024-07-24 11:28:24.125 +05:30 [INF] Executing OkObjectResult, writing value of type 'CleanDesign.SharedKernel.Result`1[[System.Boolean, System.Private.CoreLib, Version=8.0.0.0, Culture=neutral, PublicKeyToken=7cec85d7bea7798e]]'.
2024-07-24 11:28:31.655 +05:30 [INF] Executed action CleanDesign.Presentation.Controllers.AuthController.Register (CleanDesign.Presentation) in 12266.4993ms
2024-07-24 11:28:31.661 +05:30 [INF] Executed endpoint 'CleanDesign.Presentation.Controllers.AuthController.Register (CleanDesign.Presentation)'
2024-07-24 11:28:31.748 +05:30 [ERR] System.InvalidOperationException: The value of a failure result can not be accessed.
   at CleanDesign.SharedKernel.Result`1.get_Value() in D:\PersonalProject\CleanDesign\src\CleanDesign.SharedKernel\ResultT.cs:line 15
   at System.Text.Json.Serialization.Metadata.JsonPropertyInfo`1.GetMemberAndWriteJson(Object obj, WriteStack& state, Utf8JsonWriter writer)
   at System.Text.Json.Serialization.Converters.ObjectDefaultConverter`1.OnTryWrite(Utf8JsonWriter writer, T value, JsonSerializerOptions options, WriteStack& state)
   at System.Text.Json.Serialization.JsonConverter`1.TryWrite(Utf8JsonWriter writer, T& value, JsonSerializerOptions options, WriteStack& state)
   at System.Text.Json.Serialization.JsonConverter`1.WriteCore(Utf8JsonWriter writer, T& value, JsonSerializerOptions options, WriteStack& state)
   at System.Text.Json.Serialization.Metadata.JsonTypeInfo`1.SerializeAsync(Stream utf8Json, T rootValue, CancellationToken cancellationToken, Object rootValueBoxed)
   at System.Text.Json.Serialization.Metadata.JsonTypeInfo`1.SerializeAsync(Stream utf8Json, T rootValue, CancellationToken cancellationToken, Object rootValueBoxed)
   at System.Text.Json.Serialization.Metadata.JsonTypeInfo`1.SerializeAsync(Stream utf8Json, T rootValue, CancellationToken cancellationToken, Object rootValueBoxed)
   at Microsoft.AspNetCore.Mvc.Formatters.SystemTextJsonOutputFormatter.WriteResponseBodyAsync(OutputFormatterWriteContext context, Encoding selectedEncoding)
   at Microsoft.AspNetCore.Mvc.Infrastructure.ResourceInvoker.<InvokeNextResultFilterAsync>g__Awaited|30_0[TFilter,TFilterAsync](ResourceInvoker invoker, Task lastTask, State next, Scope scope, Object state, Boolean isCompleted)
   at Microsoft.AspNetCore.Mvc.Infrastructure.ResourceInvoker.Rethrow(ResultExecutedContextSealed context)
   at Microsoft.AspNetCore.Mvc.Infrastructure.ResourceInvoker.ResultNext[TFilter,TFilterAsync](State& next, Scope& scope, Object& state, Boolean& isCompleted)
   at Microsoft.AspNetCore.Mvc.Infrastructure.ResourceInvoker.InvokeResultFilters()
--- End of stack trace from previous location ---
   at Microsoft.AspNetCore.Mvc.Infrastructure.ResourceInvoker.<InvokeFilterPipelineAsync>g__Awaited|20_0(ResourceInvoker invoker, Task lastTask, State next, Scope scope, Object state, Boolean isCompleted)
   at Microsoft.AspNetCore.Mvc.Infrastructure.ResourceInvoker.<InvokeAsync>g__Logged|17_1(ResourceInvoker invoker)
   at Microsoft.AspNetCore.Mvc.Infrastructure.ResourceInvoker.<InvokeAsync>g__Logged|17_1(ResourceInvoker invoker)
   at Microsoft.AspNetCore.Routing.EndpointMiddleware.<Invoke>g__AwaitRequestTask|7_0(Endpoint endpoint, Task requestTask, ILogger logger)
   at CleanDesign.Presentation.Exceptions.ExceptionHandlerMiddleware.InvokeAsync(HttpContext context) in D:\PersonalProject\CleanDesign\src\CleanDesign.Presentation\Middlewares\ExceptionHandlerMiddleware.cs:line 27
2024-07-24 11:28:31.761 +05:30 [INF] Request finished HTTP/1.1 POST http://localhost:5068/api/auth/register - 500 null application/json; charset=utf-8 12451.5474ms
2024-07-24 11:30:04.215 +05:30 [INF] Request starting HTTP/1.1 POST http://localhost:5068/api/auth/register - application/json 178
2024-07-24 11:30:04.236 +05:30 [INF] Executing endpoint 'CleanDesign.Presentation.Controllers.AuthController.Register (CleanDesign.Presentation)'
2024-07-24 11:30:04.240 +05:30 [INF] Route matched with {action = "Register", controller = "Auth"}. Executing controller action with signature System.Threading.Tasks.Task`1[Microsoft.AspNetCore.Mvc.IActionResult] Register(CleanDesign.Application.Commands.Auth.Register.RegisterCommand) on controller CleanDesign.Presentation.Controllers.AuthController (CleanDesign.Presentation).
2024-07-24 11:32:07.243 +05:30 [INF] User profile is available. Using 'C:\Users\wahid\AppData\Local\ASP.NET\DataProtection-Keys' as key repository and Windows DPAPI to encrypt keys at rest.
2024-07-24 11:32:07.780 +05:30 [INF] Now listening on: http://localhost:5068
2024-07-24 11:32:07.788 +05:30 [INF] Application started. Press Ctrl+C to shut down.
2024-07-24 11:32:07.793 +05:30 [INF] Hosting environment: Development
2024-07-24 11:32:07.796 +05:30 [INF] Content root path: D:\PersonalProject\CleanDesign\src\CleanDesign.Presentation
2024-07-24 11:32:08.507 +05:30 [INF] Request starting HTTP/1.1 GET http://localhost:5068/swagger - null null
2024-07-24 11:32:08.537 +05:30 [INF] Request starting HTTP/1.1 GET http://localhost:5068/swagger/index.html - null null
2024-07-24 11:32:08.818 +05:30 [INF] Request finished HTTP/1.1 GET http://localhost:5068/swagger - 499 null null 318.0258ms
2024-07-24 11:32:08.952 +05:30 [INF] Request finished HTTP/1.1 GET http://localhost:5068/swagger/index.html - 200 null text/html;charset=utf-8 415.5077ms
2024-07-24 11:32:08.984 +05:30 [INF] Request starting HTTP/1.1 GET http://localhost:5068/_framework/aspnetcore-browser-refresh.js - null null
2024-07-24 11:32:08.986 +05:30 [INF] Request starting HTTP/1.1 GET http://localhost:5068/_vs/browserLink - null null
2024-07-24 11:32:08.997 +05:30 [INF] Request finished HTTP/1.1 GET http://localhost:5068/_framework/aspnetcore-browser-refresh.js - 200 13784 application/javascript; charset=utf-8 13.634ms
2024-07-24 11:32:09.048 +05:30 [INF] Request finished HTTP/1.1 GET http://localhost:5068/_vs/browserLink - 200 null text/javascript; charset=UTF-8 61.9802ms
2024-07-24 11:32:09.155 +05:30 [INF] Request starting HTTP/1.1 GET http://localhost:5068/swagger/v1/swagger.json - null null
2024-07-24 11:32:09.381 +05:30 [INF] Request finished HTTP/1.1 GET http://localhost:5068/swagger/v1/swagger.json - 200 null application/json;charset=utf-8 225.6552ms
2024-07-24 11:33:34.899 +05:30 [INF] Request starting HTTP/1.1 POST http://localhost:5068/api/auth/register - application/json 171
2024-07-24 11:33:34.917 +05:30 [WRN] Failed to determine the https port for redirect.
2024-07-24 11:33:36.310 +05:30 [INF] Executing endpoint 'CleanDesign.Presentation.Controllers.AuthController.Register (CleanDesign.Presentation)'
2024-07-24 11:33:36.356 +05:30 [INF] Route matched with {action = "Register", controller = "Auth"}. Executing controller action with signature System.Threading.Tasks.Task`1[Microsoft.AspNetCore.Mvc.IActionResult] Register(CleanDesign.Application.Commands.Auth.Register.RegisterCommand) on controller CleanDesign.Presentation.Controllers.AuthController (CleanDesign.Presentation).
2024-07-24 11:33:48.151 +05:30 [INF] Executed DbCommand (86ms) [Parameters=[@__normalizedUserName_0='?' (Size = 256)], CommandType='"Text"', CommandTimeout='30']
SELECT TOP(1) [a].[Id], [a].[AccessFailedCount], [a].[ConcurrencyStamp], [a].[CreatedBy], [a].[CreatedOn], [a].[Deleted], [a].[Email], [a].[EmailConfirmed], [a].[LockoutEnabled], [a].[LockoutEnd], [a].[Name], [a].[NormalizedEmail], [a].[NormalizedUserName], [a].[PasswordHash], [a].[PhoneNumber], [a].[PhoneNumberConfirmed], [a].[SecurityStamp], [a].[TwoFactorEnabled], [a].[UpdatedBy], [a].[UpdatedOn], [a].[UserName]
FROM [AspNetUsers] AS [a]
WHERE [a].[NormalizedUserName] = @__normalizedUserName_0
2024-07-24 11:33:48.268 +05:30 [INF] Executed DbCommand (16ms) [Parameters=[@__normalizedEmail_0='?' (Size = 256)], CommandType='"Text"', CommandTimeout='30']
SELECT TOP(2) [a].[Id], [a].[AccessFailedCount], [a].[ConcurrencyStamp], [a].[CreatedBy], [a].[CreatedOn], [a].[Deleted], [a].[Email], [a].[EmailConfirmed], [a].[LockoutEnabled], [a].[LockoutEnd], [a].[Name], [a].[NormalizedEmail], [a].[NormalizedUserName], [a].[PasswordHash], [a].[PhoneNumber], [a].[PhoneNumberConfirmed], [a].[SecurityStamp], [a].[TwoFactorEnabled], [a].[UpdatedBy], [a].[UpdatedOn], [a].[UserName]
FROM [AspNetUsers] AS [a]
WHERE [a].[NormalizedEmail] = @__normalizedEmail_0
2024-07-24 11:33:48.532 +05:30 [INF] Executed DbCommand (11ms) [Parameters=[@p0='?' (DbType = Guid), @p1='?' (DbType = Int32), @p2='?' (Size = 50), @p3='?' (DbType = Guid), @p4='?' (DbType = DateTime2), @p5='?' (DbType = Boolean), @p6='?' (Size = 256), @p7='?' (DbType = Boolean), @p8='?' (DbType = Boolean), @p9='?' (DbType = DateTimeOffset), @p10='?' (Size = 50), @p11='?' (Size = 256), @p12='?' (Size = 256), @p13='?' (Size = 250), @p14='?' (Size = 15), @p15='?' (DbType = Boolean), @p16='?' (Size = 50), @p17='?' (DbType = Boolean), @p18='?' (DbType = Guid), @p19='?' (DbType = DateTime2), @p20='?' (Size = 256)], CommandType='"Text"', CommandTimeout='30']
SET IMPLICIT_TRANSACTIONS OFF;
SET NOCOUNT ON;
INSERT INTO [AspNetUsers] ([Id], [AccessFailedCount], [ConcurrencyStamp], [CreatedBy], [CreatedOn], [Deleted], [Email], [EmailConfirmed], [LockoutEnabled], [LockoutEnd], [Name], [NormalizedEmail], [NormalizedUserName], [PasswordHash], [PhoneNumber], [PhoneNumberConfirmed], [SecurityStamp], [TwoFactorEnabled], [UpdatedBy], [UpdatedOn], [UserName])
VALUES (@p0, @p1, @p2, @p3, @p4, @p5, @p6, @p7, @p8, @p9, @p10, @p11, @p12, @p13, @p14, @p15, @p16, @p17, @p18, @p19, @p20);
2024-07-24 11:34:15.741 +05:30 [INF] Executing OkObjectResult, writing value of type 'CleanDesign.SharedKernel.Result'.
2024-07-24 11:34:15.765 +05:30 [INF] Executed action CleanDesign.Presentation.Controllers.AuthController.Register (CleanDesign.Presentation) in 39396.2199ms
2024-07-24 11:34:15.772 +05:30 [INF] Executed endpoint 'CleanDesign.Presentation.Controllers.AuthController.Register (CleanDesign.Presentation)'
2024-07-24 11:34:15.791 +05:30 [INF] Request finished HTTP/1.1 POST http://localhost:5068/api/auth/register - 200 null application/json; charset=utf-8 40892.192ms
2024-07-24 11:36:14.993 +05:30 [INF] Request starting HTTP/1.1 PUT http://localhost:5068/api/auth/confirm-email - application/json 304
2024-07-24 11:36:15.021 +05:30 [INF] Executing endpoint 'CleanDesign.Presentation.Controllers.AuthController.ConfirmEmail (CleanDesign.Presentation)'
2024-07-24 11:36:15.037 +05:30 [INF] Route matched with {action = "ConfirmEmail", controller = "Auth"}. Executing controller action with signature System.Threading.Tasks.Task`1[Microsoft.AspNetCore.Mvc.IActionResult] ConfirmEmail(CleanDesign.Application.Commands.Auth.ConfirmPassword.ConfirmEmailCommand) on controller CleanDesign.Presentation.Controllers.AuthController (CleanDesign.Presentation).
2024-07-24 11:36:15.199 +05:30 [INF] Executed DbCommand (6ms) [Parameters=[@__normalizedUserName_0='?' (Size = 256)], CommandType='"Text"', CommandTimeout='30']
SELECT TOP(1) [a].[Id], [a].[AccessFailedCount], [a].[ConcurrencyStamp], [a].[CreatedBy], [a].[CreatedOn], [a].[Deleted], [a].[Email], [a].[EmailConfirmed], [a].[LockoutEnabled], [a].[LockoutEnd], [a].[Name], [a].[NormalizedEmail], [a].[NormalizedUserName], [a].[PasswordHash], [a].[PhoneNumber], [a].[PhoneNumberConfirmed], [a].[SecurityStamp], [a].[TwoFactorEnabled], [a].[UpdatedBy], [a].[UpdatedOn], [a].[UserName]
FROM [AspNetUsers] AS [a]
WHERE [a].[NormalizedUserName] = @__normalizedUserName_0
2024-07-24 11:36:15.224 +05:30 [INF] Executed DbCommand (3ms) [Parameters=[@__normalizedUserName_0='?' (Size = 256)], CommandType='"Text"', CommandTimeout='30']
SELECT TOP(1) [a].[Id], [a].[AccessFailedCount], [a].[ConcurrencyStamp], [a].[CreatedBy], [a].[CreatedOn], [a].[Deleted], [a].[Email], [a].[EmailConfirmed], [a].[LockoutEnabled], [a].[LockoutEnd], [a].[Name], [a].[NormalizedEmail], [a].[NormalizedUserName], [a].[PasswordHash], [a].[PhoneNumber], [a].[PhoneNumberConfirmed], [a].[SecurityStamp], [a].[TwoFactorEnabled], [a].[UpdatedBy], [a].[UpdatedOn], [a].[UserName]
FROM [AspNetUsers] AS [a]
WHERE [a].[NormalizedUserName] = @__normalizedUserName_0
2024-07-24 11:36:15.233 +05:30 [INF] Executed DbCommand (4ms) [Parameters=[@__normalizedEmail_0='?' (Size = 256)], CommandType='"Text"', CommandTimeout='30']
SELECT TOP(2) [a].[Id], [a].[AccessFailedCount], [a].[ConcurrencyStamp], [a].[CreatedBy], [a].[CreatedOn], [a].[Deleted], [a].[Email], [a].[EmailConfirmed], [a].[LockoutEnabled], [a].[LockoutEnd], [a].[Name], [a].[NormalizedEmail], [a].[NormalizedUserName], [a].[PasswordHash], [a].[PhoneNumber], [a].[PhoneNumberConfirmed], [a].[SecurityStamp], [a].[TwoFactorEnabled], [a].[UpdatedBy], [a].[UpdatedOn], [a].[UserName]
FROM [AspNetUsers] AS [a]
WHERE [a].[NormalizedEmail] = @__normalizedEmail_0
2024-07-24 11:36:15.261 +05:30 [INF] Executed DbCommand (10ms) [Parameters=[@p20='?' (DbType = Guid), @p0='?' (DbType = Int32), @p1='?' (Size = 50), @p21='?' (Size = 50), @p2='?' (DbType = Guid), @p3='?' (DbType = DateTime2), @p4='?' (DbType = Boolean), @p5='?' (Size = 256), @p6='?' (DbType = Boolean), @p7='?' (DbType = Boolean), @p8='?' (DbType = DateTimeOffset), @p9='?' (Size = 50), @p10='?' (Size = 256), @p11='?' (Size = 256), @p12='?' (Size = 250), @p13='?' (Size = 15), @p14='?' (DbType = Boolean), @p15='?' (Size = 50), @p16='?' (DbType = Boolean), @p17='?' (DbType = Guid), @p18='?' (DbType = DateTime2), @p19='?' (Size = 256)], CommandType='"Text"', CommandTimeout='30']
SET IMPLICIT_TRANSACTIONS OFF;
SET NOCOUNT ON;
UPDATE [AspNetUsers] SET [AccessFailedCount] = @p0, [ConcurrencyStamp] = @p1, [CreatedBy] = @p2, [CreatedOn] = @p3, [Deleted] = @p4, [Email] = @p5, [EmailConfirmed] = @p6, [LockoutEnabled] = @p7, [LockoutEnd] = @p8, [Name] = @p9, [NormalizedEmail] = @p10, [NormalizedUserName] = @p11, [PasswordHash] = @p12, [PhoneNumber] = @p13, [PhoneNumberConfirmed] = @p14, [SecurityStamp] = @p15, [TwoFactorEnabled] = @p16, [UpdatedBy] = @p17, [UpdatedOn] = @p18, [UserName] = @p19
OUTPUT 1
WHERE [Id] = @p20 AND [ConcurrencyStamp] = @p21;
2024-07-24 11:36:15.269 +05:30 [INF] Executing OkObjectResult, writing value of type 'CleanDesign.SharedKernel.Result'.
2024-07-24 11:36:15.270 +05:30 [INF] Executed action CleanDesign.Presentation.Controllers.AuthController.ConfirmEmail (CleanDesign.Presentation) in 222.8953ms
2024-07-24 11:36:15.272 +05:30 [INF] Executed endpoint 'CleanDesign.Presentation.Controllers.AuthController.ConfirmEmail (CleanDesign.Presentation)'
2024-07-24 11:36:15.273 +05:30 [INF] Request finished HTTP/1.1 PUT http://localhost:5068/api/auth/confirm-email - 200 null application/json; charset=utf-8 279.916ms
2024-07-24 11:37:30.228 +05:30 [INF] Request starting HTTP/1.1 POST http://localhost:5068/api/auth/login - application/json 75
2024-07-24 11:37:30.247 +05:30 [INF] Executing endpoint 'CleanDesign.Presentation.Controllers.AuthController.Login (CleanDesign.Presentation)'
2024-07-24 11:37:30.257 +05:30 [INF] Route matched with {action = "Login", controller = "Auth"}. Executing controller action with signature System.Threading.Tasks.Task`1[Microsoft.AspNetCore.Mvc.IActionResult] Login(CleanDesign.Application.Queries.Auth.Login.LoginQuery) on controller CleanDesign.Presentation.Controllers.AuthController (CleanDesign.Presentation).
2024-07-24 11:37:30.318 +05:30 [INF] Executed DbCommand (9ms) [Parameters=[@__normalizedEmail_0='?' (Size = 256)], CommandType='"Text"', CommandTimeout='30']
SELECT TOP(2) [a].[Id], [a].[AccessFailedCount], [a].[ConcurrencyStamp], [a].[CreatedBy], [a].[CreatedOn], [a].[Deleted], [a].[Email], [a].[EmailConfirmed], [a].[LockoutEnabled], [a].[LockoutEnd], [a].[Name], [a].[NormalizedEmail], [a].[NormalizedUserName], [a].[PasswordHash], [a].[PhoneNumber], [a].[PhoneNumberConfirmed], [a].[SecurityStamp], [a].[TwoFactorEnabled], [a].[UpdatedBy], [a].[UpdatedOn], [a].[UserName]
FROM [AspNetUsers] AS [a]
WHERE [a].[NormalizedEmail] = @__normalizedEmail_0
2024-07-24 11:37:30.657 +05:30 [INF] Executed DbCommand (15ms) [Parameters=[@__user_Id_0='?' (DbType = Guid)], CommandType='"Text"', CommandTimeout='30']
SELECT [a].[Id], [a].[ClaimType], [a].[ClaimValue], [a].[UserId]
FROM [AspNetUserClaims] AS [a]
WHERE [a].[UserId] = @__user_Id_0
2024-07-24 11:37:30.774 +05:30 [INF] Executed DbCommand (11ms) [Parameters=[@__userId_0='?' (DbType = Guid)], CommandType='"Text"', CommandTimeout='30']
SELECT [a0].[Name]
FROM [AspNetUserRoles] AS [a]
INNER JOIN [AspNetRoles] AS [a0] ON [a].[RoleId] = [a0].[Id]
WHERE [a].[UserId] = @__userId_0
2024-07-24 11:37:30.841 +05:30 [INF] AuthenticationScheme: Identity.Application signed in.
2024-07-24 11:37:31.025 +05:30 [INF] Executing OkObjectResult, writing value of type 'CleanDesign.SharedKernel.Result`1[[CleanDesign.Application.ViewModels.TokenViewModel, CleanDesign.Application, Version=1.0.0.0, Culture=neutral, PublicKeyToken=null]]'.
2024-07-24 11:37:31.047 +05:30 [INF] Executed action CleanDesign.Presentation.Controllers.AuthController.Login (CleanDesign.Presentation) in 782.9095ms
2024-07-24 11:37:31.054 +05:30 [INF] Executed endpoint 'CleanDesign.Presentation.Controllers.AuthController.Login (CleanDesign.Presentation)'
2024-07-24 11:37:31.058 +05:30 [INF] Request finished HTTP/1.1 POST http://localhost:5068/api/auth/login - 200 null application/json; charset=utf-8 829.8471ms
2024-07-24 11:38:45.912 +05:30 [INF] Request starting HTTP/1.1 POST http://localhost:5068/api/auth/login - application/json 75
2024-07-24 11:38:45.918 +05:30 [INF] Executing endpoint 'CleanDesign.Presentation.Controllers.AuthController.Login (CleanDesign.Presentation)'
2024-07-24 11:38:45.921 +05:30 [INF] Route matched with {action = "Login", controller = "Auth"}. Executing controller action with signature System.Threading.Tasks.Task`1[Microsoft.AspNetCore.Mvc.IActionResult] Login(CleanDesign.Application.Queries.Auth.Login.LoginQuery) on controller CleanDesign.Presentation.Controllers.AuthController (CleanDesign.Presentation).
2024-07-24 11:38:45.937 +05:30 [INF] Executed DbCommand (4ms) [Parameters=[@__normalizedEmail_0='?' (Size = 256)], CommandType='"Text"', CommandTimeout='30']
SELECT TOP(2) [a].[Id], [a].[AccessFailedCount], [a].[ConcurrencyStamp], [a].[CreatedBy], [a].[CreatedOn], [a].[Deleted], [a].[Email], [a].[EmailConfirmed], [a].[LockoutEnabled], [a].[LockoutEnd], [a].[Name], [a].[NormalizedEmail], [a].[NormalizedUserName], [a].[PasswordHash], [a].[PhoneNumber], [a].[PhoneNumberConfirmed], [a].[SecurityStamp], [a].[TwoFactorEnabled], [a].[UpdatedBy], [a].[UpdatedOn], [a].[UserName]
FROM [AspNetUsers] AS [a]
WHERE [a].[NormalizedEmail] = @__normalizedEmail_0
2024-07-24 11:39:26.942 +05:30 [INF] Executed DbCommand (4ms) [Parameters=[@__user_Id_0='?' (DbType = Guid)], CommandType='"Text"', CommandTimeout='30']
SELECT [a].[Id], [a].[ClaimType], [a].[ClaimValue], [a].[UserId]
FROM [AspNetUserClaims] AS [a]
WHERE [a].[UserId] = @__user_Id_0
2024-07-24 11:39:26.956 +05:30 [INF] Executed DbCommand (5ms) [Parameters=[@__userId_0='?' (DbType = Guid)], CommandType='"Text"', CommandTimeout='30']
SELECT [a0].[Name]
FROM [AspNetUserRoles] AS [a]
INNER JOIN [AspNetRoles] AS [a0] ON [a].[RoleId] = [a0].[Id]
WHERE [a].[UserId] = @__userId_0
2024-07-24 11:39:26.962 +05:30 [INF] AuthenticationScheme: Identity.Application signed in.
2024-07-24 11:39:26.966 +05:30 [INF] Executing OkObjectResult, writing value of type 'CleanDesign.SharedKernel.Result`1[[CleanDesign.Application.ViewModels.TokenViewModel, CleanDesign.Application, Version=1.0.0.0, Culture=neutral, PublicKeyToken=null]]'.
2024-07-24 11:39:26.969 +05:30 [INF] Executed action CleanDesign.Presentation.Controllers.AuthController.Login (CleanDesign.Presentation) in 41043.4293ms
2024-07-24 11:39:26.972 +05:30 [INF] Executed endpoint 'CleanDesign.Presentation.Controllers.AuthController.Login (CleanDesign.Presentation)'
2024-07-24 11:39:26.975 +05:30 [INF] Request finished HTTP/1.1 POST http://localhost:5068/api/auth/login - 200 null application/json; charset=utf-8 41062.9533ms
2024-07-24 11:39:52.637 +05:30 [INF] Request starting HTTP/1.1 POST http://localhost:5068/api/auth/login - application/json 61
2024-07-24 11:39:52.649 +05:30 [INF] Executing endpoint 'CleanDesign.Presentation.Controllers.AuthController.Login (CleanDesign.Presentation)'
2024-07-24 11:39:52.653 +05:30 [INF] Route matched with {action = "Login", controller = "Auth"}. Executing controller action with signature System.Threading.Tasks.Task`1[Microsoft.AspNetCore.Mvc.IActionResult] Login(CleanDesign.Application.Queries.Auth.Login.LoginQuery) on controller CleanDesign.Presentation.Controllers.AuthController (CleanDesign.Presentation).
2024-07-24 11:39:52.681 +05:30 [INF] Executed DbCommand (8ms) [Parameters=[@__normalizedEmail_0='?' (Size = 256)], CommandType='"Text"', CommandTimeout='30']
SELECT TOP(2) [a].[Id], [a].[AccessFailedCount], [a].[ConcurrencyStamp], [a].[CreatedBy], [a].[CreatedOn], [a].[Deleted], [a].[Email], [a].[EmailConfirmed], [a].[LockoutEnabled], [a].[LockoutEnd], [a].[Name], [a].[NormalizedEmail], [a].[NormalizedUserName], [a].[PasswordHash], [a].[PhoneNumber], [a].[PhoneNumberConfirmed], [a].[SecurityStamp], [a].[TwoFactorEnabled], [a].[UpdatedBy], [a].[UpdatedOn], [a].[UserName]
FROM [AspNetUsers] AS [a]
WHERE [a].[NormalizedEmail] = @__normalizedEmail_0
2024-07-24 11:39:52.685 +05:30 [INF] Executing BadRequestObjectResult, writing value of type 'CleanDesign.SharedKernel.Error'.
2024-07-24 11:39:52.690 +05:30 [INF] Executed action CleanDesign.Presentation.Controllers.AuthController.Login (CleanDesign.Presentation) in 35.1748ms
2024-07-24 11:39:52.691 +05:30 [INF] Executed endpoint 'CleanDesign.Presentation.Controllers.AuthController.Login (CleanDesign.Presentation)'
2024-07-24 11:39:52.692 +05:30 [INF] Request finished HTTP/1.1 POST http://localhost:5068/api/auth/login - 400 null application/json; charset=utf-8 55.6919ms
2024-07-24 11:40:06.426 +05:30 [INF] Request starting HTTP/1.1 POST http://localhost:5068/api/auth/login - application/json 61
2024-07-24 11:40:06.433 +05:30 [INF] Executing endpoint 'CleanDesign.Presentation.Controllers.AuthController.Login (CleanDesign.Presentation)'
2024-07-24 11:40:06.436 +05:30 [INF] Route matched with {action = "Login", controller = "Auth"}. Executing controller action with signature System.Threading.Tasks.Task`1[Microsoft.AspNetCore.Mvc.IActionResult] Login(CleanDesign.Application.Queries.Auth.Login.LoginQuery) on controller CleanDesign.Presentation.Controllers.AuthController (CleanDesign.Presentation).
2024-07-24 11:40:06.453 +05:30 [INF] Executed DbCommand (9ms) [Parameters=[@__normalizedEmail_0='?' (Size = 256)], CommandType='"Text"', CommandTimeout='30']
SELECT TOP(2) [a].[Id], [a].[AccessFailedCount], [a].[ConcurrencyStamp], [a].[CreatedBy], [a].[CreatedOn], [a].[Deleted], [a].[Email], [a].[EmailConfirmed], [a].[LockoutEnabled], [a].[LockoutEnd], [a].[Name], [a].[NormalizedEmail], [a].[NormalizedUserName], [a].[PasswordHash], [a].[PhoneNumber], [a].[PhoneNumberConfirmed], [a].[SecurityStamp], [a].[TwoFactorEnabled], [a].[UpdatedBy], [a].[UpdatedOn], [a].[UserName]
FROM [AspNetUsers] AS [a]
WHERE [a].[NormalizedEmail] = @__normalizedEmail_0
2024-07-24 11:40:06.475 +05:30 [INF] Executing BadRequestObjectResult, writing value of type 'CleanDesign.SharedKernel.Error'.
2024-07-24 11:40:06.481 +05:30 [INF] Executed action CleanDesign.Presentation.Controllers.AuthController.Login (CleanDesign.Presentation) in 41.1693ms
2024-07-24 11:40:06.489 +05:30 [INF] Executed endpoint 'CleanDesign.Presentation.Controllers.AuthController.Login (CleanDesign.Presentation)'
2024-07-24 11:40:06.496 +05:30 [INF] Request finished HTTP/1.1 POST http://localhost:5068/api/auth/login - 400 null application/json; charset=utf-8 70.0222ms
2024-07-24 11:40:35.061 +05:30 [INF] Request starting HTTP/1.1 POST http://localhost:5068/api/auth/login - application/json 62
2024-07-24 11:40:35.064 +05:30 [INF] Executing endpoint 'CleanDesign.Presentation.Controllers.AuthController.Login (CleanDesign.Presentation)'
2024-07-24 11:40:35.065 +05:30 [INF] Route matched with {action = "Login", controller = "Auth"}. Executing controller action with signature System.Threading.Tasks.Task`1[Microsoft.AspNetCore.Mvc.IActionResult] Login(CleanDesign.Application.Queries.Auth.Login.LoginQuery) on controller CleanDesign.Presentation.Controllers.AuthController (CleanDesign.Presentation).
2024-07-24 11:40:35.075 +05:30 [INF] Executed DbCommand (4ms) [Parameters=[@__normalizedEmail_0='?' (Size = 256)], CommandType='"Text"', CommandTimeout='30']
SELECT TOP(2) [a].[Id], [a].[AccessFailedCount], [a].[ConcurrencyStamp], [a].[CreatedBy], [a].[CreatedOn], [a].[Deleted], [a].[Email], [a].[EmailConfirmed], [a].[LockoutEnabled], [a].[LockoutEnd], [a].[Name], [a].[NormalizedEmail], [a].[NormalizedUserName], [a].[PasswordHash], [a].[PhoneNumber], [a].[PhoneNumberConfirmed], [a].[SecurityStamp], [a].[TwoFactorEnabled], [a].[UpdatedBy], [a].[UpdatedOn], [a].[UserName]
FROM [AspNetUsers] AS [a]
WHERE [a].[NormalizedEmail] = @__normalizedEmail_0
2024-07-24 11:40:45.761 +05:30 [INF] Executing BadRequestObjectResult, writing value of type 'CleanDesign.SharedKernel.Error'.
2024-07-24 11:40:45.767 +05:30 [INF] Executed action CleanDesign.Presentation.Controllers.AuthController.Login (CleanDesign.Presentation) in 10698.6847ms
2024-07-24 11:40:45.779 +05:30 [INF] Executed endpoint 'CleanDesign.Presentation.Controllers.AuthController.Login (CleanDesign.Presentation)'
2024-07-24 11:40:45.781 +05:30 [INF] Request finished HTTP/1.1 POST http://localhost:5068/api/auth/login - 400 null application/json; charset=utf-8 10720.784ms
2024-07-24 13:05:08.349 +05:30 [INF] User profile is available. Using 'C:\Users\wahid\AppData\Local\ASP.NET\DataProtection-Keys' as key repository and Windows DPAPI to encrypt keys at rest.
2024-07-24 13:05:08.834 +05:30 [INF] Now listening on: http://localhost:5068
2024-07-24 13:05:08.838 +05:30 [INF] Application started. Press Ctrl+C to shut down.
2024-07-24 13:05:08.839 +05:30 [INF] Hosting environment: Development
2024-07-24 13:05:08.840 +05:30 [INF] Content root path: D:\PersonalProject\CleanDesign\src\CleanDesign.Presentation
2024-07-24 13:05:09.492 +05:30 [INF] Request starting HTTP/1.1 GET http://localhost:5068/swagger/index.html - null null
2024-07-24 13:05:09.943 +05:30 [INF] Request finished HTTP/1.1 GET http://localhost:5068/swagger/index.html - 200 null text/html;charset=utf-8 459.0686ms
2024-07-24 13:05:09.975 +05:30 [INF] Request starting HTTP/1.1 GET http://localhost:5068/_framework/aspnetcore-browser-refresh.js - null null
2024-07-24 13:05:09.988 +05:30 [INF] Request starting HTTP/1.1 GET http://localhost:5068/_vs/browserLink - null null
2024-07-24 13:05:09.985 +05:30 [INF] Request starting HTTP/1.1 GET http://localhost:5068/swagger/swagger-ui-standalone-preset.js - null null
2024-07-24 13:05:09.985 +05:30 [INF] Request starting HTTP/1.1 GET http://localhost:5068/swagger/swagger-ui.css - null null
2024-07-24 13:05:10.003 +05:30 [INF] Request finished HTTP/1.1 GET http://localhost:5068/_framework/aspnetcore-browser-refresh.js - 200 13784 application/javascript; charset=utf-8 27.8055ms
2024-07-24 13:05:10.047 +05:30 [INF] Sending file. Request path: '/swagger-ui.css'. Physical path: 'N/A'
2024-07-24 13:05:10.047 +05:30 [INF] Sending file. Request path: '/swagger-ui-standalone-preset.js'. Physical path: 'N/A'
2024-07-24 13:05:10.055 +05:30 [INF] Request finished HTTP/1.1 GET http://localhost:5068/swagger/swagger-ui.css - 499 152034 text/css 70.2611ms
2024-07-24 13:05:10.057 +05:30 [INF] Request finished HTTP/1.1 GET http://localhost:5068/_vs/browserLink - 200 null text/javascript; charset=UTF-8 68.7227ms
2024-07-24 13:05:10.058 +05:30 [INF] Request finished HTTP/1.1 GET http://localhost:5068/swagger/swagger-ui-standalone-preset.js - 499 230280 text/javascript 72.9957ms
2024-07-24 13:05:10.111 +05:30 [INF] Request starting HTTP/1.1 GET http://localhost:5068/swagger/favicon-32x32.png - null null
2024-07-24 13:05:10.121 +05:30 [INF] Sending file. Request path: '/favicon-32x32.png'. Physical path: 'N/A'
2024-07-24 13:05:10.125 +05:30 [INF] Request finished HTTP/1.1 GET http://localhost:5068/swagger/favicon-32x32.png - 499 628 image/png 13.9527ms
2024-07-24 13:05:10.146 +05:30 [INF] Request starting HTTP/1.1 GET http://localhost:5068/swagger/v1/swagger.json - null null
2024-07-24 13:05:10.397 +05:30 [INF] Request finished HTTP/1.1 GET http://localhost:5068/swagger/v1/swagger.json - 200 null application/json;charset=utf-8 250.764ms
2024-07-24 13:05:57.468 +05:30 [INF] Request starting HTTP/1.1 POST http://localhost:5068/api/auth/login - application/json 75
2024-07-24 13:05:57.491 +05:30 [WRN] Failed to determine the https port for redirect.
2024-07-24 13:05:59.449 +05:30 [INF] Executing endpoint 'CleanDesign.Presentation.Controllers.AuthController.Login (CleanDesign.Presentation)'
2024-07-24 13:05:59.536 +05:30 [INF] Route matched with {action = "Login", controller = "Auth"}. Executing controller action with signature System.Threading.Tasks.Task`1[Microsoft.AspNetCore.Mvc.IActionResult] Login(CleanDesign.Application.Queries.Auth.Login.LoginQuery) on controller CleanDesign.Presentation.Controllers.AuthController (CleanDesign.Presentation).
2024-07-24 13:06:05.297 +05:30 [INF] Executed DbCommand (200ms) [Parameters=[@__normalizedEmail_0='?' (Size = 256)], CommandType='"Text"', CommandTimeout='30']
SELECT TOP(2) [a].[Id], [a].[AccessFailedCount], [a].[ConcurrencyStamp], [a].[CreatedBy], [a].[CreatedOn], [a].[Deleted], [a].[Email], [a].[EmailConfirmed], [a].[LockoutEnabled], [a].[LockoutEnd], [a].[Name], [a].[NormalizedEmail], [a].[NormalizedUserName], [a].[PasswordHash], [a].[PhoneNumber], [a].[PhoneNumberConfirmed], [a].[SecurityStamp], [a].[TwoFactorEnabled], [a].[UpdatedBy], [a].[UpdatedOn], [a].[UserName]
FROM [AspNetUsers] AS [a]
WHERE [a].[NormalizedEmail] = @__normalizedEmail_0
2024-07-24 13:06:05.498 +05:30 [INF] Executing BadRequestObjectResult, writing value of type 'CleanDesign.SharedKernel.Error'.
2024-07-24 13:06:05.520 +05:30 [INF] Executed action CleanDesign.Presentation.Controllers.AuthController.Login (CleanDesign.Presentation) in 5961.3733ms
2024-07-24 13:06:05.526 +05:30 [INF] Executed endpoint 'CleanDesign.Presentation.Controllers.AuthController.Login (CleanDesign.Presentation)'
2024-07-24 13:06:05.557 +05:30 [INF] Request finished HTTP/1.1 POST http://localhost:5068/api/auth/login - 400 null application/json; charset=utf-8 8088.5945ms
2024-07-24 13:06:58.565 +05:30 [INF] Request starting HTTP/1.1 POST http://localhost:5068/api/auth/login - application/json 62
2024-07-24 13:06:58.586 +05:30 [INF] Executing endpoint 'CleanDesign.Presentation.Controllers.AuthController.Login (CleanDesign.Presentation)'
2024-07-24 13:06:58.593 +05:30 [INF] Route matched with {action = "Login", controller = "Auth"}. Executing controller action with signature System.Threading.Tasks.Task`1[Microsoft.AspNetCore.Mvc.IActionResult] Login(CleanDesign.Application.Queries.Auth.Login.LoginQuery) on controller CleanDesign.Presentation.Controllers.AuthController (CleanDesign.Presentation).
2024-07-24 13:06:58.785 +05:30 [INF] Executed DbCommand (24ms) [Parameters=[@__normalizedEmail_0='?' (Size = 256)], CommandType='"Text"', CommandTimeout='30']
SELECT TOP(2) [a].[Id], [a].[AccessFailedCount], [a].[ConcurrencyStamp], [a].[CreatedBy], [a].[CreatedOn], [a].[Deleted], [a].[Email], [a].[EmailConfirmed], [a].[LockoutEnabled], [a].[LockoutEnd], [a].[Name], [a].[NormalizedEmail], [a].[NormalizedUserName], [a].[PasswordHash], [a].[PhoneNumber], [a].[PhoneNumberConfirmed], [a].[SecurityStamp], [a].[TwoFactorEnabled], [a].[UpdatedBy], [a].[UpdatedOn], [a].[UserName]
FROM [AspNetUsers] AS [a]
WHERE [a].[NormalizedEmail] = @__normalizedEmail_0
2024-07-24 13:06:58.965 +05:30 [INF] Executed DbCommand (5ms) [Parameters=[@__user_Id_0='?' (DbType = Guid)], CommandType='"Text"', CommandTimeout='30']
SELECT [a].[Id], [a].[ClaimType], [a].[ClaimValue], [a].[UserId]
FROM [AspNetUserClaims] AS [a]
WHERE [a].[UserId] = @__user_Id_0
2024-07-24 13:06:59.010 +05:30 [INF] Executed DbCommand (3ms) [Parameters=[@__userId_0='?' (DbType = Guid)], CommandType='"Text"', CommandTimeout='30']
SELECT [a0].[Name]
FROM [AspNetUserRoles] AS [a]
INNER JOIN [AspNetRoles] AS [a0] ON [a].[RoleId] = [a0].[Id]
WHERE [a].[UserId] = @__userId_0
2024-07-24 13:06:59.030 +05:30 [INF] AuthenticationScheme: Identity.Application signed in.
2024-07-24 13:07:04.074 +05:30 [INF] Executing OkObjectResult, writing value of type 'CleanDesign.SharedKernel.Result'.
2024-07-24 13:07:04.092 +05:30 [INF] Executed action CleanDesign.Presentation.Controllers.AuthController.Login (CleanDesign.Presentation) in 5488.6613ms
2024-07-24 13:07:04.100 +05:30 [INF] Executed endpoint 'CleanDesign.Presentation.Controllers.AuthController.Login (CleanDesign.Presentation)'
2024-07-24 13:07:04.106 +05:30 [INF] Request finished HTTP/1.1 POST http://localhost:5068/api/auth/login - 200 null application/json; charset=utf-8 5540.3886ms
2024-07-24 13:09:31.892 +05:30 [INF] Request starting HTTP/1.1 POST http://localhost:5068/api/auth/verify-two-factor-token - application/json 58
2024-07-24 13:09:31.911 +05:30 [INF] Executing endpoint 'CleanDesign.Presentation.Controllers.AuthController.ValidateTwoFactorToken (CleanDesign.Presentation)'
2024-07-24 13:09:31.927 +05:30 [INF] Route matched with {action = "ValidateTwoFactorToken", controller = "Auth"}. Executing controller action with signature System.Threading.Tasks.Task`1[Microsoft.AspNetCore.Mvc.IActionResult] ValidateTwoFactorToken(CleanDesign.Application.Queries.Auth.ValidateToken.ValidateTwoFactorTokenQuery) on controller CleanDesign.Presentation.Controllers.AuthController (CleanDesign.Presentation).
2024-07-24 13:09:31.966 +05:30 [INF] Executed DbCommand (5ms) [Parameters=[@__normalizedEmail_0='?' (Size = 256)], CommandType='"Text"', CommandTimeout='30']
SELECT TOP(2) [a].[Id], [a].[AccessFailedCount], [a].[ConcurrencyStamp], [a].[CreatedBy], [a].[CreatedOn], [a].[Deleted], [a].[Email], [a].[EmailConfirmed], [a].[LockoutEnabled], [a].[LockoutEnd], [a].[Name], [a].[NormalizedEmail], [a].[NormalizedUserName], [a].[PasswordHash], [a].[PhoneNumber], [a].[PhoneNumberConfirmed], [a].[SecurityStamp], [a].[TwoFactorEnabled], [a].[UpdatedBy], [a].[UpdatedOn], [a].[UserName]
FROM [AspNetUsers] AS [a]
WHERE [a].[NormalizedEmail] = @__normalizedEmail_0
2024-07-24 13:09:32.106 +05:30 [INF] Executing OkObjectResult, writing value of type 'CleanDesign.SharedKernel.Result`1[[CleanDesign.Application.ViewModels.TokenViewModel, CleanDesign.Application, Version=1.0.0.0, Culture=neutral, PublicKeyToken=null]]'.
2024-07-24 13:09:32.117 +05:30 [INF] Executed action CleanDesign.Presentation.Controllers.AuthController.ValidateTwoFactorToken (CleanDesign.Presentation) in 183.5481ms
2024-07-24 13:09:32.121 +05:30 [INF] Executed endpoint 'CleanDesign.Presentation.Controllers.AuthController.ValidateTwoFactorToken (CleanDesign.Presentation)'
2024-07-24 13:09:32.127 +05:30 [INF] Request finished HTTP/1.1 POST http://localhost:5068/api/auth/verify-two-factor-token - 200 null application/json; charset=utf-8 234.7634ms
2024-07-24 13:10:10.585 +05:30 [INF] Request starting HTTP/1.1 GET http://localhost:5068/swagger/index.html - null null
2024-07-24 13:10:10.616 +05:30 [INF] Request finished HTTP/1.1 GET http://localhost:5068/swagger/index.html - 200 null text/html;charset=utf-8 31.0336ms
2024-07-24 13:10:10.676 +05:30 [INF] Request starting HTTP/1.1 GET http://localhost:5068/_framework/aspnetcore-browser-refresh.js - null null
2024-07-24 13:10:10.690 +05:30 [INF] Request starting HTTP/1.1 GET http://localhost:5068/swagger/swagger-ui-standalone-preset.js - null null
2024-07-24 13:10:10.705 +05:30 [INF] Request starting HTTP/1.1 GET http://localhost:5068/_vs/browserLink - null null
2024-07-24 13:10:10.695 +05:30 [INF] Request finished HTTP/1.1 GET http://localhost:5068/_framework/aspnetcore-browser-refresh.js - 200 13784 application/javascript; charset=utf-8 19.6788ms
2024-07-24 13:10:10.715 +05:30 [INF] Sending file. Request path: '/swagger-ui-standalone-preset.js'. Physical path: 'N/A'
2024-07-24 13:10:10.762 +05:30 [INF] Request finished HTTP/1.1 GET http://localhost:5068/swagger/swagger-ui-standalone-preset.js - 499 230280 text/javascript 72.2685ms
2024-07-24 13:10:10.767 +05:30 [INF] Request finished HTTP/1.1 GET http://localhost:5068/_vs/browserLink - 200 null text/javascript; charset=UTF-8 62.1795ms
2024-07-24 13:10:10.990 +05:30 [INF] Request starting HTTP/1.1 GET http://localhost:5068/swagger/favicon-32x32.png - null null
2024-07-24 13:10:11.000 +05:30 [INF] Sending file. Request path: '/favicon-32x32.png'. Physical path: 'N/A'
2024-07-24 13:10:11.004 +05:30 [INF] Request finished HTTP/1.1 GET http://localhost:5068/swagger/favicon-32x32.png - 499 628 image/png 14.3479ms
2024-07-24 13:10:11.073 +05:30 [INF] Request starting HTTP/1.1 GET http://localhost:5068/swagger/v1/swagger.json - null null
2024-07-24 13:10:11.093 +05:30 [INF] Request finished HTTP/1.1 GET http://localhost:5068/swagger/v1/swagger.json - 200 null application/json;charset=utf-8 19.4964ms
