2024-07-26 14:42:07.232 +05:30 [INF] User profile is available. Using 'C:\Users\wahid\AppData\Local\ASP.NET\DataProtection-Keys' as key repository and Windows DPAPI to encrypt keys at rest.
2024-07-26 14:42:08.065 +05:30 [INF] Now listening on: http://localhost:5068
2024-07-26 14:42:08.068 +05:30 [INF] Application started. Press Ctrl+C to shut down.
2024-07-26 14:42:08.070 +05:30 [INF] Hosting environment: Development
2024-07-26 14:42:08.072 +05:30 [INF] Content root path: D:\PersonalProject\CleanDesign\src\CleanDesign.Presentation
2024-07-26 14:42:09.285 +05:30 [INF] Request starting HTTP/1.1 GET http://localhost:5068/swagger/index.html - null null
2024-07-26 14:42:09.826 +05:30 [INF] Request finished HTTP/1.1 GET http://localhost:5068/swagger/index.html - 200 null text/html;charset=utf-8 555.1661ms
2024-07-26 14:42:09.881 +05:30 [INF] Request starting HTTP/1.1 GET http://localhost:5068/_framework/aspnetcore-browser-refresh.js - null null
2024-07-26 14:42:09.922 +05:30 [INF] Request starting HTTP/1.1 GET http://localhost:5068/_vs/browserLink - null null
2024-07-26 14:42:09.942 +05:30 [INF] Request finished HTTP/1.1 GET http://localhost:5068/_framework/aspnetcore-browser-refresh.js - 200 13784 application/javascript; charset=utf-8 60.8988ms
2024-07-26 14:42:10.007 +05:30 [INF] Request finished HTTP/1.1 GET http://localhost:5068/_vs/browserLink - 200 null text/javascript; charset=UTF-8 84.6029ms
2024-07-26 14:42:10.017 +05:30 [INF] Request starting HTTP/1.1 GET http://localhost:5068/swagger/favicon-32x32.png - null null
2024-07-26 14:42:10.050 +05:30 [INF] Sending file. Request path: '/favicon-32x32.png'. Physical path: 'N/A'
2024-07-26 14:42:10.053 +05:30 [INF] Request finished HTTP/1.1 GET http://localhost:5068/swagger/favicon-32x32.png - 499 628 image/png 36.4009ms
2024-07-26 14:42:10.062 +05:30 [INF] Request starting HTTP/1.1 GET http://localhost:5068/swagger/v1/swagger.json - null null
2024-07-26 14:42:10.316 +05:30 [INF] Request finished HTTP/1.1 GET http://localhost:5068/swagger/v1/swagger.json - 200 null application/json;charset=utf-8 253.5993ms
2024-07-26 14:42:17.231 +05:30 [INF] Request starting HTTP/1.1 OPTIONS http://localhost:5068/api/auth/login - null null
2024-07-26 14:42:17.260 +05:30 [WRN] Failed to determine the https port for redirect.
2024-07-26 14:42:17.277 +05:30 [INF] CORS policy execution successful.
2024-07-26 14:42:17.281 +05:30 [INF] Request finished HTTP/1.1 OPTIONS http://localhost:5068/api/auth/login - 204 null null 50.639ms
2024-07-26 14:42:17.288 +05:30 [INF] Request starting HTTP/1.1 POST http://localhost:5068/api/auth/login - application/json 58
2024-07-26 14:42:17.302 +05:30 [INF] CORS policy execution successful.
2024-07-26 14:42:18.963 +05:30 [INF] Executing endpoint 'CleanDesign.Presentation.Controllers.AuthController.Login (CleanDesign.Presentation)'
2024-07-26 14:42:19.033 +05:30 [INF] Route matched with {action = "Login", controller = "Auth"}. Executing controller action with signature System.Threading.Tasks.Task`1[Microsoft.AspNetCore.Mvc.IActionResult] Login(CleanDesign.Application.Queries.Auth.Login.LoginQuery) on controller CleanDesign.Presentation.Controllers.AuthController (CleanDesign.Presentation).
2024-07-26 14:42:25.807 +05:30 [INF] Executed DbCommand (242ms) [Parameters=[@__normalizedEmail_0='?' (Size = 256)], CommandType='"Text"', CommandTimeout='30']
SELECT TOP(2) [a].[Id], [a].[AccessFailedCount], [a].[ConcurrencyStamp], [a].[CreatedBy], [a].[CreatedOn], [a].[Deleted], [a].[Email], [a].[EmailConfirmed], [a].[LockoutEnabled], [a].[LockoutEnd], [a].[Name], [a].[NormalizedEmail], [a].[NormalizedUserName], [a].[PasswordHash], [a].[PhoneNumber], [a].[PhoneNumberConfirmed], [a].[SecurityStamp], [a].[TwoFactorEnabled], [a].[UpdatedBy], [a].[UpdatedOn], [a].[UserName]
FROM [AspNetUsers] AS [a]
WHERE [a].[NormalizedEmail] = @__normalizedEmail_0
2024-07-26 14:42:26.403 +05:30 [INF] Executed DbCommand (64ms) [Parameters=[@__user_Id_0='?' (DbType = Guid)], CommandType='"Text"', CommandTimeout='30']
SELECT [a].[Id], [a].[ClaimType], [a].[ClaimValue], [a].[UserId]
FROM [AspNetUserClaims] AS [a]
WHERE [a].[UserId] = @__user_Id_0
2024-07-26 14:42:26.532 +05:30 [INF] Executed DbCommand (46ms) [Parameters=[@__userId_0='?' (DbType = Guid)], CommandType='"Text"', CommandTimeout='30']
SELECT [a0].[Name]
FROM [AspNetUserRoles] AS [a]
INNER JOIN [AspNetRoles] AS [a0] ON [a].[RoleId] = [a0].[Id]
WHERE [a].[UserId] = @__userId_0
2024-07-26 14:42:26.582 +05:30 [INF] Executed DbCommand (7ms) [Parameters=[@__normalizedName_0='?' (Size = 256)], CommandType='"Text"', CommandTimeout='30']
SELECT TOP(1) [a].[Id], [a].[ConcurrencyStamp], [a].[CreatedBy], [a].[CreatedOn], [a].[Deleted], [a].[Name], [a].[NormalizedName], [a].[UpdatedBy], [a].[UpdatedOn]
FROM [AspNetRoles] AS [a]
WHERE [a].[NormalizedName] = @__normalizedName_0
2024-07-26 14:42:26.637 +05:30 [INF] Executed DbCommand (4ms) [Parameters=[@__role_Id_0='?' (DbType = Guid)], CommandType='"Text"', CommandTimeout='30']
SELECT [a].[ClaimType], [a].[ClaimValue]
FROM [AspNetRoleClaims] AS [a]
WHERE [a].[RoleId] = @__role_Id_0
2024-07-26 14:42:26.664 +05:30 [INF] AuthenticationScheme: Identity.Application signed in.
2024-07-26 14:42:31.384 +05:30 [INF] Executing OkObjectResult, writing value of type 'CleanDesign.SharedKernel.Result'.
2024-07-26 14:42:31.405 +05:30 [INF] Executed action CleanDesign.Presentation.Controllers.AuthController.Login (CleanDesign.Presentation) in 12364.2538ms
2024-07-26 14:42:31.407 +05:30 [INF] Executed endpoint 'CleanDesign.Presentation.Controllers.AuthController.Login (CleanDesign.Presentation)'
2024-07-26 14:42:31.424 +05:30 [INF] Request finished HTTP/1.1 POST http://localhost:5068/api/auth/login - 200 null application/json; charset=utf-8 14136.5248ms
2024-07-26 14:42:51.959 +05:30 [INF] Request starting HTTP/1.1 OPTIONS http://localhost:5068/api/auth/ValidateTwoFactorTokenAsync - null null
2024-07-26 14:42:51.975 +05:30 [INF] CORS policy execution successful.
2024-07-26 14:42:51.977 +05:30 [INF] Request finished HTTP/1.1 OPTIONS http://localhost:5068/api/auth/ValidateTwoFactorTokenAsync - 204 null null 18.1907ms
2024-07-26 14:42:51.991 +05:30 [INF] Request starting HTTP/1.1 POST http://localhost:5068/api/auth/ValidateTwoFactorTokenAsync - application/json 50
2024-07-26 14:42:51.992 +05:30 [INF] CORS policy execution successful.
2024-07-26 14:42:51.997 +05:30 [INF] Request finished HTTP/1.1 POST http://localhost:5068/api/auth/ValidateTwoFactorTokenAsync - 404 0 null 6.0156ms
2024-07-26 14:42:52.008 +05:30 [INF] Request reached the end of the middleware pipeline without being handled by application code. Request path: POST http://localhost:5068/api/auth/ValidateTwoFactorTokenAsync, Response status code: 404
2024-07-26 14:43:34.553 +05:30 [INF] Request starting HTTP/1.1 POST http://localhost:5068/api/auth/verify-two-factor-token - application/json 42
2024-07-26 14:43:34.559 +05:30 [INF] CORS policy execution successful.
2024-07-26 14:43:34.563 +05:30 [INF] Executing endpoint 'CleanDesign.Presentation.Controllers.AuthController.ValidateTwoFactorToken (CleanDesign.Presentation)'
2024-07-26 14:43:34.590 +05:30 [INF] Route matched with {action = "ValidateTwoFactorToken", controller = "Auth"}. Executing controller action with signature System.Threading.Tasks.Task`1[Microsoft.AspNetCore.Mvc.IActionResult] ValidateTwoFactorToken(CleanDesign.Application.Queries.Auth.ValidateToken.ValidateTwoFactorTokenQuery) on controller CleanDesign.Presentation.Controllers.AuthController (CleanDesign.Presentation).
2024-07-26 14:43:34.716 +05:30 [INF] Executed DbCommand (5ms) [Parameters=[@__normalizedEmail_0='?' (Size = 256)], CommandType='"Text"', CommandTimeout='30']
SELECT TOP(2) [a].[Id], [a].[AccessFailedCount], [a].[ConcurrencyStamp], [a].[CreatedBy], [a].[CreatedOn], [a].[Deleted], [a].[Email], [a].[EmailConfirmed], [a].[LockoutEnabled], [a].[LockoutEnd], [a].[Name], [a].[NormalizedEmail], [a].[NormalizedUserName], [a].[PasswordHash], [a].[PhoneNumber], [a].[PhoneNumberConfirmed], [a].[SecurityStamp], [a].[TwoFactorEnabled], [a].[UpdatedBy], [a].[UpdatedOn], [a].[UserName]
FROM [AspNetUsers] AS [a]
WHERE [a].[NormalizedEmail] = @__normalizedEmail_0
2024-07-26 14:43:34.722 +05:30 [INF] Executing OkObjectResult, writing value of type 'CleanDesign.SharedKernel.Result`1[[CleanDesign.Application.ViewModels.TokenViewModel, CleanDesign.Application, Version=1.0.0.0, Culture=neutral, PublicKeyToken=null]]'.
2024-07-26 14:43:38.573 +05:30 [INF] Executed action CleanDesign.Presentation.Controllers.AuthController.ValidateTwoFactorToken (CleanDesign.Presentation) in 3981.5116ms
2024-07-26 14:43:38.577 +05:30 [INF] Executed endpoint 'CleanDesign.Presentation.Controllers.AuthController.ValidateTwoFactorToken (CleanDesign.Presentation)'
2024-07-26 14:43:38.709 +05:30 [ERR] System.InvalidOperationException: The value of a failure result can not be accessed.
   at CleanDesign.SharedKernel.Result`1.get_Value() in D:\PersonalProject\CleanDesign\src\CleanDesign.SharedKernel\ResultT.cs:line 15
   at System.Text.Json.Serialization.Metadata.JsonPropertyInfo`1.GetMemberAndWriteJson(Object obj, WriteStack& state, Utf8JsonWriter writer)
   at System.Text.Json.Serialization.Converters.ObjectDefaultConverter`1.OnTryWrite(Utf8JsonWriter writer, T value, JsonSerializerOptions options, WriteStack& state)
   at System.Text.Json.Serialization.JsonConverter`1.TryWrite(Utf8JsonWriter writer, T& value, JsonSerializerOptions options, WriteStack& state)
   at System.Text.Json.Serialization.JsonConverter`1.WriteCore(Utf8JsonWriter writer, T& value, JsonSerializerOptions options, WriteStack& state)
   at System.Text.Json.Serialization.Metadata.JsonTypeInfo`1.SerializeAsync(Stream utf8Json, T rootValue, CancellationToken cancellationToken, Object rootValueBoxed)
   at System.Text.Json.Serialization.Metadata.JsonTypeInfo`1.SerializeAsync(Stream utf8Json, T rootValue, CancellationToken cancellationToken, Object rootValueBoxed)
   at System.Text.Json.Serialization.Metadata.JsonTypeInfo`1.SerializeAsync(Stream utf8Json, T rootValue, CancellationToken cancellationToken, Object rootValueBoxed)
   at Microsoft.AspNetCore.Mvc.Formatters.SystemTextJsonOutputFormatter.WriteResponseBodyAsync(OutputFormatterWriteContext context, Encoding selectedEncoding)
   at Microsoft.AspNetCore.Mvc.Infrastructure.ResourceInvoker.<InvokeNextResultFilterAsync>g__Awaited|30_0[TFilter,TFilterAsync](ResourceInvoker invoker, Task lastTask, State next, Scope scope, Object state, Boolean isCompleted)
   at Microsoft.AspNetCore.Mvc.Infrastructure.ResourceInvoker.Rethrow(ResultExecutedContextSealed context)
   at Microsoft.AspNetCore.Mvc.Infrastructure.ResourceInvoker.ResultNext[TFilter,TFilterAsync](State& next, Scope& scope, Object& state, Boolean& isCompleted)
   at Microsoft.AspNetCore.Mvc.Infrastructure.ResourceInvoker.InvokeResultFilters()
--- End of stack trace from previous location ---
   at Microsoft.AspNetCore.Mvc.Infrastructure.ResourceInvoker.<InvokeFilterPipelineAsync>g__Awaited|20_0(ResourceInvoker invoker, Task lastTask, State next, Scope scope, Object state, Boolean isCompleted)
   at Microsoft.AspNetCore.Mvc.Infrastructure.ResourceInvoker.<InvokeAsync>g__Logged|17_1(ResourceInvoker invoker)
   at Microsoft.AspNetCore.Mvc.Infrastructure.ResourceInvoker.<InvokeAsync>g__Logged|17_1(ResourceInvoker invoker)
   at Microsoft.AspNetCore.Routing.EndpointMiddleware.<Invoke>g__AwaitRequestTask|7_0(Endpoint endpoint, Task requestTask, ILogger logger)
   at CleanDesign.Presentation.Exceptions.ExceptionHandlerMiddleware.InvokeAsync(HttpContext context) in D:\PersonalProject\CleanDesign\src\CleanDesign.Presentation\Middlewares\ExceptionHandlerMiddleware.cs:line 27
2024-07-26 14:43:38.723 +05:30 [INF] Request finished HTTP/1.1 POST http://localhost:5068/api/auth/verify-two-factor-token - 500 null application/json; charset=utf-8 4169.8186ms
2024-07-26 14:46:02.969 +05:30 [INF] Request starting HTTP/1.1 OPTIONS http://localhost:5068/api/auth/verify-two-factor-token - null null
2024-07-26 14:46:02.975 +05:30 [INF] CORS policy execution successful.
2024-07-26 14:46:02.977 +05:30 [INF] Request finished HTTP/1.1 OPTIONS http://localhost:5068/api/auth/verify-two-factor-token - 204 null null 9.9375ms
2024-07-26 14:46:03.031 +05:30 [INF] Request starting HTTP/1.1 POST http://localhost:5068/api/auth/verify-two-factor-token - application/json 50
2024-07-26 14:46:03.036 +05:30 [INF] CORS policy execution successful.
2024-07-26 14:46:03.038 +05:30 [INF] Executing endpoint 'CleanDesign.Presentation.Controllers.AuthController.ValidateTwoFactorToken (CleanDesign.Presentation)'
2024-07-26 14:46:03.041 +05:30 [INF] Route matched with {action = "ValidateTwoFactorToken", controller = "Auth"}. Executing controller action with signature System.Threading.Tasks.Task`1[Microsoft.AspNetCore.Mvc.IActionResult] ValidateTwoFactorToken(CleanDesign.Application.Queries.Auth.ValidateToken.ValidateTwoFactorTokenQuery) on controller CleanDesign.Presentation.Controllers.AuthController (CleanDesign.Presentation).
2024-07-26 14:46:03.275 +05:30 [INF] Executed DbCommand (197ms) [Parameters=[@__normalizedEmail_0='?' (Size = 256)], CommandType='"Text"', CommandTimeout='30']
SELECT TOP(2) [a].[Id], [a].[AccessFailedCount], [a].[ConcurrencyStamp], [a].[CreatedBy], [a].[CreatedOn], [a].[Deleted], [a].[Email], [a].[EmailConfirmed], [a].[LockoutEnabled], [a].[LockoutEnd], [a].[Name], [a].[NormalizedEmail], [a].[NormalizedUserName], [a].[PasswordHash], [a].[PhoneNumber], [a].[PhoneNumberConfirmed], [a].[SecurityStamp], [a].[TwoFactorEnabled], [a].[UpdatedBy], [a].[UpdatedOn], [a].[UserName]
FROM [AspNetUsers] AS [a]
WHERE [a].[NormalizedEmail] = @__normalizedEmail_0
2024-07-26 14:46:03.705 +05:30 [INF] Executing OkObjectResult, writing value of type 'CleanDesign.SharedKernel.Result`1[[CleanDesign.Application.ViewModels.TokenViewModel, CleanDesign.Application, Version=1.0.0.0, Culture=neutral, PublicKeyToken=null]]'.
2024-07-26 14:46:03.715 +05:30 [INF] Executed action CleanDesign.Presentation.Controllers.AuthController.ValidateTwoFactorToken (CleanDesign.Presentation) in 669.5608ms
2024-07-26 14:46:03.722 +05:30 [INF] Executed endpoint 'CleanDesign.Presentation.Controllers.AuthController.ValidateTwoFactorToken (CleanDesign.Presentation)'
2024-07-26 14:46:03.728 +05:30 [INF] Request finished HTTP/1.1 POST http://localhost:5068/api/auth/verify-two-factor-token - 200 null application/json; charset=utf-8 701.4914ms
2024-07-26 14:46:27.370 +05:30 [INF] Request starting HTTP/1.1 OPTIONS http://localhost:5068/api/auth/login - null null
2024-07-26 14:46:27.383 +05:30 [INF] CORS policy execution successful.
2024-07-26 14:46:27.385 +05:30 [INF] Request finished HTTP/1.1 OPTIONS http://localhost:5068/api/auth/login - 204 null null 14.9648ms
2024-07-26 14:46:27.390 +05:30 [INF] Request starting HTTP/1.1 POST http://localhost:5068/api/auth/login - application/json 58
2024-07-26 14:46:27.399 +05:30 [INF] CORS policy execution successful.
2024-07-26 14:46:27.405 +05:30 [INF] Executing endpoint 'CleanDesign.Presentation.Controllers.AuthController.Login (CleanDesign.Presentation)'
2024-07-26 14:46:27.413 +05:30 [INF] Route matched with {action = "Login", controller = "Auth"}. Executing controller action with signature System.Threading.Tasks.Task`1[Microsoft.AspNetCore.Mvc.IActionResult] Login(CleanDesign.Application.Queries.Auth.Login.LoginQuery) on controller CleanDesign.Presentation.Controllers.AuthController (CleanDesign.Presentation).
2024-07-26 14:46:27.489 +05:30 [INF] Executed DbCommand (62ms) [Parameters=[@__normalizedEmail_0='?' (Size = 256)], CommandType='"Text"', CommandTimeout='30']
SELECT TOP(2) [a].[Id], [a].[AccessFailedCount], [a].[ConcurrencyStamp], [a].[CreatedBy], [a].[CreatedOn], [a].[Deleted], [a].[Email], [a].[EmailConfirmed], [a].[LockoutEnabled], [a].[LockoutEnd], [a].[Name], [a].[NormalizedEmail], [a].[NormalizedUserName], [a].[PasswordHash], [a].[PhoneNumber], [a].[PhoneNumberConfirmed], [a].[SecurityStamp], [a].[TwoFactorEnabled], [a].[UpdatedBy], [a].[UpdatedOn], [a].[UserName]
FROM [AspNetUsers] AS [a]
WHERE [a].[NormalizedEmail] = @__normalizedEmail_0
2024-07-26 14:46:27.683 +05:30 [INF] Executed DbCommand (7ms) [Parameters=[@__user_Id_0='?' (DbType = Guid)], CommandType='"Text"', CommandTimeout='30']
SELECT [a].[Id], [a].[ClaimType], [a].[ClaimValue], [a].[UserId]
FROM [AspNetUserClaims] AS [a]
WHERE [a].[UserId] = @__user_Id_0
2024-07-26 14:46:27.699 +05:30 [INF] Executed DbCommand (8ms) [Parameters=[@__userId_0='?' (DbType = Guid)], CommandType='"Text"', CommandTimeout='30']
SELECT [a0].[Name]
FROM [AspNetUserRoles] AS [a]
INNER JOIN [AspNetRoles] AS [a0] ON [a].[RoleId] = [a0].[Id]
WHERE [a].[UserId] = @__userId_0
2024-07-26 14:46:27.707 +05:30 [INF] Executed DbCommand (4ms) [Parameters=[@__normalizedName_0='?' (Size = 256)], CommandType='"Text"', CommandTimeout='30']
SELECT TOP(1) [a].[Id], [a].[ConcurrencyStamp], [a].[CreatedBy], [a].[CreatedOn], [a].[Deleted], [a].[Name], [a].[NormalizedName], [a].[UpdatedBy], [a].[UpdatedOn]
FROM [AspNetRoles] AS [a]
WHERE [a].[NormalizedName] = @__normalizedName_0
2024-07-26 14:46:27.716 +05:30 [INF] Executed DbCommand (3ms) [Parameters=[@__role_Id_0='?' (DbType = Guid)], CommandType='"Text"', CommandTimeout='30']
SELECT [a].[ClaimType], [a].[ClaimValue]
FROM [AspNetRoleClaims] AS [a]
WHERE [a].[RoleId] = @__role_Id_0
2024-07-26 14:46:27.721 +05:30 [INF] AuthenticationScheme: Identity.Application signed in.
2024-07-26 14:46:31.718 +05:30 [INF] Executing OkObjectResult, writing value of type 'CleanDesign.SharedKernel.Result'.
2024-07-26 14:46:31.721 +05:30 [INF] Executed action CleanDesign.Presentation.Controllers.AuthController.Login (CleanDesign.Presentation) in 4297.8152ms
2024-07-26 14:46:31.723 +05:30 [INF] Executed endpoint 'CleanDesign.Presentation.Controllers.AuthController.Login (CleanDesign.Presentation)'
2024-07-26 14:46:31.728 +05:30 [INF] Request finished HTTP/1.1 POST http://localhost:5068/api/auth/login - 200 null application/json; charset=utf-8 4337.8363ms
2024-07-26 14:46:44.384 +05:30 [INF] Request starting HTTP/1.1 OPTIONS http://localhost:5068/api/auth/verify-two-factor-token - null null
2024-07-26 14:46:44.389 +05:30 [INF] CORS policy execution successful.
2024-07-26 14:46:44.391 +05:30 [INF] Request finished HTTP/1.1 OPTIONS http://localhost:5068/api/auth/verify-two-factor-token - 204 null null 6.3061ms
2024-07-26 14:46:44.395 +05:30 [INF] Request starting HTTP/1.1 POST http://localhost:5068/api/auth/verify-two-factor-token - application/json 50
2024-07-26 14:46:44.398 +05:30 [INF] CORS policy execution successful.
2024-07-26 14:46:44.401 +05:30 [INF] Executing endpoint 'CleanDesign.Presentation.Controllers.AuthController.ValidateTwoFactorToken (CleanDesign.Presentation)'
2024-07-26 14:46:44.402 +05:30 [INF] Route matched with {action = "ValidateTwoFactorToken", controller = "Auth"}. Executing controller action with signature System.Threading.Tasks.Task`1[Microsoft.AspNetCore.Mvc.IActionResult] ValidateTwoFactorToken(CleanDesign.Application.Queries.Auth.ValidateToken.ValidateTwoFactorTokenQuery) on controller CleanDesign.Presentation.Controllers.AuthController (CleanDesign.Presentation).
2024-07-26 14:46:44.437 +05:30 [INF] Executed DbCommand (6ms) [Parameters=[@__normalizedEmail_0='?' (Size = 256)], CommandType='"Text"', CommandTimeout='30']
SELECT TOP(2) [a].[Id], [a].[AccessFailedCount], [a].[ConcurrencyStamp], [a].[CreatedBy], [a].[CreatedOn], [a].[Deleted], [a].[Email], [a].[EmailConfirmed], [a].[LockoutEnabled], [a].[LockoutEnd], [a].[Name], [a].[NormalizedEmail], [a].[NormalizedUserName], [a].[PasswordHash], [a].[PhoneNumber], [a].[PhoneNumberConfirmed], [a].[SecurityStamp], [a].[TwoFactorEnabled], [a].[UpdatedBy], [a].[UpdatedOn], [a].[UserName]
FROM [AspNetUsers] AS [a]
WHERE [a].[NormalizedEmail] = @__normalizedEmail_0
2024-07-26 14:46:44.443 +05:30 [INF] Executing OkObjectResult, writing value of type 'CleanDesign.SharedKernel.Result`1[[CleanDesign.Application.ViewModels.TokenViewModel, CleanDesign.Application, Version=1.0.0.0, Culture=neutral, PublicKeyToken=null]]'.
2024-07-26 14:46:44.445 +05:30 [INF] Executed action CleanDesign.Presentation.Controllers.AuthController.ValidateTwoFactorToken (CleanDesign.Presentation) in 40.3286ms
2024-07-26 14:46:44.447 +05:30 [INF] Executed endpoint 'CleanDesign.Presentation.Controllers.AuthController.ValidateTwoFactorToken (CleanDesign.Presentation)'
2024-07-26 14:46:44.449 +05:30 [INF] Request finished HTTP/1.1 POST http://localhost:5068/api/auth/verify-two-factor-token - 200 null application/json; charset=utf-8 53.8996ms
