2024-08-10 12:26:38.569 +05:30 [INF] User profile is available. Using 'C:\Users\wahid\AppData\Local\ASP.NET\DataProtection-Keys' as key repository and Windows DPAPI to encrypt keys at rest.
2024-08-10 12:26:39.223 +05:30 [INF] Now listening on: http://localhost:5068
2024-08-10 12:26:39.227 +05:30 [INF] Application started. Press Ctrl+C to shut down.
2024-08-10 12:26:39.228 +05:30 [INF] Hosting environment: Development
2024-08-10 12:26:39.229 +05:30 [INF] Content root path: D:\PersonalProject\CleanDesign\src\CleanDesign.Presentation
2024-08-10 12:26:41.414 +05:30 [INF] Request starting HTTP/1.1 GET http://localhost:5068/swagger/index.html - null null
2024-08-10 12:26:42.138 +05:30 [INF] Request finished HTTP/1.1 GET http://localhost:5068/swagger/index.html - 200 null text/html;charset=utf-8 732.4671ms
2024-08-10 12:26:42.354 +05:30 [INF] Request starting HTTP/1.1 GET http://localhost:5068/_framework/aspnetcore-browser-refresh.js - null null
2024-08-10 12:26:42.359 +05:30 [INF] Request starting HTTP/1.1 GET http://localhost:5068/swagger/swagger-ui.css - null null
2024-08-10 12:26:42.363 +05:30 [INF] Request finished HTTP/1.1 GET http://localhost:5068/_framework/aspnetcore-browser-refresh.js - 200 13784 application/javascript; charset=utf-8 9.7741ms
2024-08-10 12:26:42.385 +05:30 [INF] Request starting HTTP/1.1 GET http://localhost:5068/_vs/browserLink - null null
2024-08-10 12:26:42.388 +05:30 [INF] Sending file. Request path: '/swagger-ui.css'. Physical path: 'N/A'
2024-08-10 12:26:42.391 +05:30 [INF] Request finished HTTP/1.1 GET http://localhost:5068/swagger/swagger-ui.css - 499 152034 text/css 31.5337ms
2024-08-10 12:26:42.442 +05:30 [INF] Request finished HTTP/1.1 GET http://localhost:5068/_vs/browserLink - 200 null text/javascript; charset=UTF-8 57.1792ms
2024-08-10 12:26:42.610 +05:30 [INF] Request starting HTTP/1.1 GET http://localhost:5068/swagger/favicon-32x32.png - null null
2024-08-10 12:26:42.619 +05:30 [INF] Sending file. Request path: '/favicon-32x32.png'. Physical path: 'N/A'
2024-08-10 12:26:42.622 +05:30 [INF] Request finished HTTP/1.1 GET http://localhost:5068/swagger/favicon-32x32.png - 200 628 image/png 12.4271ms
2024-08-10 12:26:42.672 +05:30 [INF] Request starting HTTP/1.1 GET http://localhost:5068/swagger/v1/swagger.json - null null
2024-08-10 12:26:42.941 +05:30 [INF] Request finished HTTP/1.1 GET http://localhost:5068/swagger/v1/swagger.json - 200 null application/json;charset=utf-8 269.5029ms
2024-08-10 12:27:48.658 +05:30 [INF] Request starting HTTP/1.1 GET http://localhost:5068/api/category - null null
2024-08-10 12:27:48.692 +05:30 [WRN] Failed to determine the https port for redirect.
2024-08-10 12:27:50.187 +05:30 [INF] Executing endpoint 'CleanDesign.Presentation.Controllers.CategoryController.GetCategoriesAsync (CleanDesign.Presentation)'
2024-08-10 12:27:50.269 +05:30 [INF] Route matched with {action = "GetCategories", controller = "Category"}. Executing controller action with signature System.Threading.Tasks.Task`1[Microsoft.AspNetCore.Mvc.IActionResult] GetCategoriesAsync() on controller CleanDesign.Presentation.Controllers.CategoryController (CleanDesign.Presentation).
2024-08-10 12:27:53.006 +05:30 [WRN] No store type was specified for the decimal property 'TotalAmount' on entity type 'Order'. This will cause values to be silently truncated if they do not fit in the default precision and scale. Explicitly specify the SQL server column type that can accommodate all the values in 'OnModelCreating' using 'HasColumnType', specify precision and scale using 'HasPrecision', or configure a value converter using 'HasConversion'.
2024-08-10 12:27:53.009 +05:30 [WRN] No store type was specified for the decimal property 'UnitPrice' on entity type 'OrderItem'. This will cause values to be silently truncated if they do not fit in the default precision and scale. Explicitly specify the SQL server column type that can accommodate all the values in 'OnModelCreating' using 'HasColumnType', specify precision and scale using 'HasPrecision', or configure a value converter using 'HasConversion'.
2024-08-10 12:27:53.010 +05:30 [WRN] No store type was specified for the decimal property 'Price' on entity type 'Product'. This will cause values to be silently truncated if they do not fit in the default precision and scale. Explicitly specify the SQL server column type that can accommodate all the values in 'OnModelCreating' using 'HasColumnType', specify precision and scale using 'HasPrecision', or configure a value converter using 'HasConversion'.
2024-08-10 12:27:57.040 +05:30 [INF] Executed DbCommand (114ms) [Parameters=[], CommandType='"Text"', CommandTimeout='30']
SELECT [c].[Id], [c].[CreatedBy], [c].[CreatedOn], [c].[Deleted], [c].[Description], [c].[Name], [c].[UpdatedBy], [c].[UpdatedOn]
FROM [Category] AS [c]
2024-08-10 12:27:57.224 +05:30 [INF] Executing OkObjectResult, writing value of type 'CleanDesign.SharedKernel.Result`1[[System.Collections.Generic.List`1[[CleanDesign.Application.ViewModels.CategoryResponseViewModel, CleanDesign.Domain, Version=1.0.0.0, Culture=neutral, PublicKeyToken=null]], System.Private.CoreLib, Version=8.0.0.0, Culture=neutral, PublicKeyToken=7cec85d7bea7798e]]'.
2024-08-10 12:27:57.283 +05:30 [INF] Executed action CleanDesign.Presentation.Controllers.CategoryController.GetCategoriesAsync (CleanDesign.Presentation) in 6995.4834ms
2024-08-10 12:27:57.287 +05:30 [INF] Executed endpoint 'CleanDesign.Presentation.Controllers.CategoryController.GetCategoriesAsync (CleanDesign.Presentation)'
2024-08-10 12:27:57.303 +05:30 [INF] Request finished HTTP/1.1 GET http://localhost:5068/api/category - 200 null application/json; charset=utf-8 8664.7291ms
2024-08-10 12:28:34.895 +05:30 [INF] Request starting HTTP/1.1 POST http://localhost:5068/api/product - application/json 137
2024-08-10 12:28:34.936 +05:30 [INF] CORS policy execution successful.
2024-08-10 12:28:34.980 +05:30 [INF] Executing endpoint 'CleanDesign.Presentation.Controllers.ProductsController.CreateAsync (CleanDesign.Presentation)'
2024-08-10 12:28:35.183 +05:30 [INF] Route matched with {action = "Create", controller = "Products"}. Executing controller action with signature System.Threading.Tasks.Task`1[Microsoft.AspNetCore.Mvc.IActionResult] CreateAsync(CleanDesign.Application.Commands.Products.CreateProductCommand.ProductCommand) on controller CleanDesign.Presentation.Controllers.ProductsController (CleanDesign.Presentation).
2024-08-10 12:29:03.333 +05:30 [INF] Executed DbCommand (151ms) [Parameters=[@__categoryGuids_0='?' (Size = 4000)], CommandType='"Text"', CommandTimeout='30']
SELECT [c].[Id], [c].[CreatedBy], [c].[CreatedOn], [c].[Deleted], [c].[Description], [c].[Name], [c].[UpdatedBy], [c].[UpdatedOn]
FROM [Category] AS [c]
WHERE [c].[Id] IN (
    SELECT [c0].[value]
    FROM OPENJSON(@__categoryGuids_0) WITH ([value] uniqueidentifier '$') AS [c0]
)
2024-08-10 12:30:01.348 +05:30 [INF] Executed DbCommand (27ms) [Parameters=[@p0='?' (DbType = Guid), @p1='?' (DbType = Guid), @p2='?' (DbType = DateTime2), @p3='?' (DbType = Boolean), @p4='?' (Size = 4000), @p5='?' (Size = 4000), @p6='?' (Precision = 18) (Scale = 2) (DbType = Decimal), @p7='?' (DbType = Guid), @p8='?' (DbType = DateTime2)], CommandType='"Text"', CommandTimeout='30']
SET IMPLICIT_TRANSACTIONS OFF;
SET NOCOUNT ON;
INSERT INTO [Products] ([Id], [CreatedBy], [CreatedOn], [Deleted], [Description], [Name], [Price], [UpdatedBy], [UpdatedOn])
VALUES (@p0, @p1, @p2, @p3, @p4, @p5, @p6, @p7, @p8);
2024-08-10 12:30:07.258 +05:30 [INF] Executing OkObjectResult, writing value of type 'CleanDesign.SharedKernel.Result`1[[CleanDesign.Application.ViewModels.ProductResponseViewModel, CleanDesign.Domain, Version=1.0.0.0, Culture=neutral, PublicKeyToken=null]]'.
2024-08-10 12:30:07.315 +05:30 [INF] Executed action CleanDesign.Presentation.Controllers.ProductsController.CreateAsync (CleanDesign.Presentation) in 92129.7472ms
2024-08-10 12:30:07.324 +05:30 [INF] Executed endpoint 'CleanDesign.Presentation.Controllers.ProductsController.CreateAsync (CleanDesign.Presentation)'
2024-08-10 12:30:07.336 +05:30 [INF] Request finished HTTP/1.1 POST http://localhost:5068/api/product - 200 null application/json; charset=utf-8 92442.1795ms
2024-08-10 12:32:29.222 +05:30 [INF] Request starting HTTP/1.1 GET http://localhost:5068/swagger/index.html - null null
2024-08-10 12:32:29.245 +05:30 [INF] Request finished HTTP/1.1 GET http://localhost:5068/swagger/index.html - 200 null text/html;charset=utf-8 23.0854ms
2024-08-10 12:32:29.395 +05:30 [INF] Request starting HTTP/1.1 GET http://localhost:5068/_framework/aspnetcore-browser-refresh.js - null null
2024-08-10 12:32:29.396 +05:30 [INF] Request starting HTTP/1.1 GET http://localhost:5068/_vs/browserLink - null null
2024-08-10 12:32:29.405 +05:30 [INF] Request finished HTTP/1.1 GET http://localhost:5068/_framework/aspnetcore-browser-refresh.js - 200 13784 application/javascript; charset=utf-8 10.0124ms
2024-08-10 12:32:29.556 +05:30 [INF] Request finished HTTP/1.1 GET http://localhost:5068/_vs/browserLink - 200 null text/javascript; charset=UTF-8 158.6999ms
2024-08-10 12:32:29.813 +05:30 [INF] Request starting HTTP/1.1 GET http://localhost:5068/swagger/v1/swagger.json - null null
2024-08-10 12:32:29.916 +05:30 [INF] Request finished HTTP/1.1 GET http://localhost:5068/swagger/v1/swagger.json - 200 null application/json;charset=utf-8 102.7291ms
